#
# There is insufficient memory for the Java Runtime Environment to continue.
# Native memory allocation (mmap) failed to map 77594624 bytes. Error detail: G1 virtual space
# Possible reasons:
#   The system is out of physical RAM or swap space
#   This process is running with CompressedOops enabled, and the Java Heap may be blocking the growth of the native heap
# Possible solutions:
#   Reduce memory load on the system
#   Increase physical memory or swap space
#   Check if swap backing store is full
#   Decrease Java heap size (-Xmx/-Xms)
#   Decrease number of Java threads
#   Decrease Java thread stack sizes (-Xss)
#   Set larger code cache with -XX:ReservedCodeCacheSize=
#   JVM is running with Unscaled Compressed Oops mode in which the Java heap is
#     placed in the first 4GB address space. The Java Heap base address is the
#     maximum limit for the native heap growth. Please use -XX:HeapBaseMinAddress
#     to set the Java Heap base and to place the Java Heap above 4GB virtual address.
# This output file may be truncated or incomplete.
#
#  Out of Memory Error (os_windows.cpp:3613), pid=30208, tid=33640
#
# JRE version: OpenJDK Runtime Environment Temurin-17.0.12+7 (17.0.12+7) (build 17.0.12+7)
# Java VM: OpenJDK 64-Bit Server VM Temurin-17.0.12+7 (17.0.12+7, mixed mode, emulated-client, tiered, compressed oops, compressed class ptrs, g1 gc, windows-amd64)
# No core dump will be written. Minidumps are not enabled by default on client versions of Windows
#

---------------  S U M M A R Y ------------

Command Line: -Xmx1024m -Dsts.lsp.client=vscode -Dsts.log.file=/dev/null -XX:TieredStopAtLevel=1 -Xlog:jni+resolve=off c:\Users\andre\.vscode\extensions\vmware.vscode-spring-boot-1.57.0\language-server\spring-boot-language-server-1.57.0-SNAPSHOT-exec.jar

Host: AMD Ryzen 5 3600 6-Core Processor              , 12 cores, 15G,  Windows 10 , 64 bit Build 19041 (10.0.19041.4842)
Time: Tue Sep 17 16:31:08 2024 GTB Daylight Time elapsed time: 141.027777 seconds (0d 0h 2m 21s)

---------------  T H R E A D  ---------------

Current thread (0x000001b55d0e0080):  VMThread "VM Thread" [stack: 0x0000007850200000,0x0000007850300000] [id=33640]

Stack: [0x0000007850200000,0x0000007850300000]
Native frames: (J=compiled Java code, j=interpreted, Vv=VM code, C=native code)
V  [jvm.dll+0x67f929]
V  [jvm.dll+0x8371ba]
V  [jvm.dll+0x838c7e]
V  [jvm.dll+0x8392e3]
V  [jvm.dll+0x24834f]
V  [jvm.dll+0x67c6e9]
V  [jvm.dll+0x6711aa]
V  [jvm.dll+0x307f7b]
V  [jvm.dll+0x30f476]
V  [jvm.dll+0x35f63e]
V  [jvm.dll+0x35f87f]
V  [jvm.dll+0x2def9c]
V  [jvm.dll+0x2dd35f]
V  [jvm.dll+0x2dca8c]
V  [jvm.dll+0x32015b]
V  [jvm.dll+0x83d7dd]
V  [jvm.dll+0x83e522]
V  [jvm.dll+0x83ea4f]
V  [jvm.dll+0x83ee34]
V  [jvm.dll+0x83ef00]
V  [jvm.dll+0x7e65dc]
V  [jvm.dll+0x67e7f7]
C  [ucrtbase.dll+0x21bb2]
C  [KERNEL32.DLL+0x17374]
C  [ntdll.dll+0x4cc91]

VM_Operation (0x0000007852ffda20): G1CollectForAllocation, mode: safepoint, requested by thread 0x000001b56342fd80


---------------  P R O C E S S  ---------------

Threads class SMR info:
_java_thread_list=0x000001b563d69140, length=45, elements={
0x000001b55d0f5730, 0x000001b55d0f7ea0, 0x000001b55d126800, 0x000001b55d128530,
0x000001b55d12af00, 0x000001b55d12b8c0, 0x000001b55d12d1a0, 0x000001b55d13f010,
0x000001b55d2afa70, 0x000001b55d2b9470, 0x000001b562729d70, 0x000001b5628a0850,
0x000001b56284b830, 0x000001b5627ed050, 0x000001b5627ed530, 0x000001b5627eda10,
0x000001b56273aff0, 0x000001b5628e7e90, 0x000001b5628e6540, 0x000001b5628e7470,
0x000001b5628e6f60, 0x000001b5628e83a0, 0x000001b5628e97e0, 0x000001b5628e8dc0,
0x000001b5628e6030, 0x000001b5628e88b0, 0x000001b563431be0, 0x000001b56342fd80,
0x000001b56342e940, 0x000001b5634320f0, 0x000001b563430290, 0x000001b563434460,
0x000001b56342f360, 0x000001b56342ee50, 0x000001b56342cff0, 0x000001b56342da10,
0x000001b563430cb0, 0x000001b5634311c0, 0x000001b56342df20, 0x000001b56342d500,
0x000001b563434970, 0x000001b56342e430, 0x000001b5634307a0, 0x000001b5634316d0,
0x000001b563432600
}

Java Threads: ( => current thread )
  0x000001b55d0f5730 JavaThread "Reference Handler" daemon [_thread_blocked, id=33460, stack(0x0000007850300000,0x0000007850400000)]
  0x000001b55d0f7ea0 JavaThread "Finalizer" daemon [_thread_blocked, id=32064, stack(0x0000007850400000,0x0000007850500000)]
  0x000001b55d126800 JavaThread "Signal Dispatcher" daemon [_thread_blocked, id=33456, stack(0x0000007850600000,0x0000007850700000)]
  0x000001b55d128530 JavaThread "Attach Listener" daemon [_thread_blocked, id=33340, stack(0x0000007850700000,0x0000007850800000)]
  0x000001b55d12af00 JavaThread "Service Thread" daemon [_thread_blocked, id=33452, stack(0x0000007850800000,0x0000007850900000)]
  0x000001b55d12b8c0 JavaThread "Monitor Deflation Thread" daemon [_thread_blocked, id=33440, stack(0x0000007850900000,0x0000007850a00000)]
  0x000001b55d12d1a0 JavaThread "C1 CompilerThread0" daemon [_thread_blocked, id=33320, stack(0x0000007850a00000,0x0000007850b00000)]
  0x000001b55d13f010 JavaThread "Sweeper thread" daemon [_thread_blocked, id=32240, stack(0x0000007850b00000,0x0000007850c00000)]
  0x000001b55d2afa70 JavaThread "Notification Thread" daemon [_thread_blocked, id=31940, stack(0x0000007850f00000,0x0000007851000000)]
  0x000001b55d2b9470 JavaThread "Common-Cleaner" daemon [_thread_blocked, id=31432, stack(0x0000007851100000,0x0000007851200000)]
  0x000001b562729d70 JavaThread "ForkJoinPool.commonPool-worker-1" daemon [_thread_blocked, id=11300, stack(0x0000007851900000,0x0000007851a00000)]
  0x000001b5628a0850 JavaThread "ForkJoinPool.commonPool-worker-3" daemon [_thread_blocked, id=6124, stack(0x0000007851e00000,0x0000007851f00000)]
  0x000001b56284b830 JavaThread "ForkJoinPool.commonPool-worker-2" daemon [_thread_blocked, id=11764, stack(0x0000007851f00000,0x0000007852000000)]
  0x000001b5627ed050 JavaThread "ForkJoinPool.commonPool-worker-4" daemon [_thread_blocked, id=20976, stack(0x0000007852000000,0x0000007852100000)]
  0x000001b5627ed530 JavaThread "ForkJoinPool.commonPool-worker-5" daemon [_thread_blocked, id=31756, stack(0x0000007852100000,0x0000007852200000)]
  0x000001b5627eda10 JavaThread "ForkJoinPool.commonPool-worker-6" daemon [_thread_blocked, id=31936, stack(0x0000007852200000,0x0000007852300000)]
  0x000001b56273aff0 JavaThread "ForkJoinPool.commonPool-worker-7" daemon [_thread_blocked, id=21620, stack(0x0000007852300000,0x0000007852400000)]
  0x000001b5628e7e90 JavaThread "ForkJoinPool.commonPool-worker-8" daemon [_thread_blocked, id=31772, stack(0x0000007852400000,0x0000007852500000)]
  0x000001b5628e6540 JavaThread "ForkJoinPool.commonPool-worker-9" daemon [_thread_blocked, id=31776, stack(0x0000007852500000,0x0000007852600000)]
  0x000001b5628e7470 JavaThread "boundedElastic-evictor-1" daemon [_thread_blocked, id=18736, stack(0x0000007852600000,0x0000007852700000)]
  0x000001b5628e6f60 JavaThread "pool-13-thread-1" [_thread_blocked, id=15248, stack(0x0000007852700000,0x0000007852800000)]
  0x000001b5628e83a0 JavaThread "LanguageServerApp-lifecycle" [_thread_blocked, id=30896, stack(0x0000007852800000,0x0000007852900000)]
  0x000001b5628e97e0 JavaThread "DestroyJavaVM" [_thread_blocked, id=27028, stack(0x000000784fc00000,0x000000784fd00000)]
  0x000001b5628e8dc0 JavaThread "pool-14-thread-1" [_thread_in_native, id=33088, stack(0x0000007852900000,0x0000007852a00000)]
  0x000001b5628e6030 JavaThread "Simple-Language-Server main thread" daemon [_thread_blocked, id=32148, stack(0x0000007852a00000,0x0000007852b00000)]
  0x000001b5628e88b0 JavaThread "pool-8-thread-1" [_thread_blocked, id=31128, stack(0x0000007852d00000,0x0000007852e00000)]
  0x000001b563431be0 JavaThread "parallel-1" daemon [_thread_blocked, id=29652, stack(0x0000007852e00000,0x0000007852f00000)]
  0x000001b56342fd80 JavaThread "pool-6-thread-1" [_thread_blocked, id=29408, stack(0x0000007852f00000,0x0000007853000000)]
  0x000001b56342e940 JavaThread "parallel-2" daemon [_thread_blocked, id=31372, stack(0x0000007853000000,0x0000007853100000)]
  0x000001b5634320f0 JavaThread "parallel-3" daemon [_thread_blocked, id=17884, stack(0x0000007853100000,0x0000007853200000)]
  0x000001b563430290 JavaThread "pool-3-thread-1" [_thread_blocked, id=19656, stack(0x0000007853200000,0x0000007853300000)]
  0x000001b563434460 JavaThread "parallel-4" daemon [_thread_blocked, id=15700, stack(0x0000007853500000,0x0000007853600000)]
  0x000001b56342f360 JavaThread "parallel-5" daemon [_thread_blocked, id=30976, stack(0x0000007853600000,0x0000007853700000)]
  0x000001b56342ee50 JavaThread "ForkJoinPool.commonPool-worker-10" daemon [_thread_blocked, id=31916, stack(0x0000007853700000,0x0000007853800000)]
  0x000001b56342cff0 JavaThread "Reconciler-1" daemon [_thread_blocked, id=32116, stack(0x0000007853a00000,0x0000007853b00000)]
  0x000001b56342da10 JavaThread "parallel-6" daemon [_thread_blocked, id=34252, stack(0x0000007850e00000,0x0000007850f00000)]
  0x000001b563430cb0 JavaThread "parallel-7" daemon [_thread_blocked, id=34336, stack(0x0000007853b00000,0x0000007853c00000)]
  0x000001b5634311c0 JavaThread "ForkJoinPool.commonPool-worker-11" daemon [_thread_blocked, id=34328, stack(0x0000007853c00000,0x0000007853d00000)]
  0x000001b56342df20 JavaThread "parallel-8" daemon [_thread_blocked, id=32400, stack(0x000000784fa00000,0x000000784fb00000)]
  0x000001b56342d500 JavaThread "pool-3-thread-4" [_thread_blocked, id=34480, stack(0x000000784fb00000,0x000000784fc00000)]
  0x000001b563434970 JavaThread "pool-4-thread-3" [_thread_blocked, id=32924, stack(0x0000007850500000,0x0000007850600000)]
  0x000001b56342e430 JavaThread "pool-5-thread-2" [_thread_blocked, id=23452, stack(0x0000007852b00000,0x0000007852c00000)]
  0x000001b5634307a0 JavaThread "parallel-9" daemon [_thread_blocked, id=6280, stack(0x0000007850c00000,0x0000007850d00000)]
  0x000001b5634316d0 JavaThread "parallel-10" daemon [_thread_blocked, id=31204, stack(0x0000007850d00000,0x0000007850e00000)]
  0x000001b563432600 JavaThread "parallel-11" daemon [_thread_blocked, id=33260, stack(0x0000007852c00000,0x0000007852d00000)]

Other Threads:
=>0x000001b55d0e0080 VMThread "VM Thread" [stack: 0x0000007850200000,0x0000007850300000] [id=33640]
  0x000001b55d2aff50 WatcherThread [stack: 0x0000007851000000,0x0000007851100000] [id=32736]
  0x000001b551e59670 GCTaskThread "GC Thread#0" [stack: 0x000000784fd00000,0x000000784fe00000] [id=24076]
  0x000001b55ddcc4c0 GCTaskThread "GC Thread#1" [stack: 0x0000007851200000,0x0000007851300000] [id=12972]
  0x000001b55ddcc780 GCTaskThread "GC Thread#2" [stack: 0x0000007851300000,0x0000007851400000] [id=7964]
  0x000001b55ddc1420 GCTaskThread "GC Thread#3" [stack: 0x0000007851400000,0x0000007851500000] [id=3660]
  0x000001b55ddc16e0 GCTaskThread "GC Thread#4" [stack: 0x0000007851500000,0x0000007851600000] [id=28592]
  0x000001b55ddc1db0 GCTaskThread "GC Thread#5" [stack: 0x0000007851600000,0x0000007851700000] [id=24144]
  0x000001b56247bcf0 GCTaskThread "GC Thread#6" [stack: 0x0000007851700000,0x0000007851800000] [id=33592]
  0x000001b56247cfd0 GCTaskThread "GC Thread#7" [stack: 0x0000007851800000,0x0000007851900000] [id=33584]
  0x000001b5625fbe70 GCTaskThread "GC Thread#8" [stack: 0x0000007851a00000,0x0000007851b00000] [id=33204]
  0x000001b562537440 GCTaskThread "GC Thread#9" [stack: 0x0000007851b00000,0x0000007851c00000] [id=33208]
  0x000001b551e625c0 ConcurrentGCThread "G1 Main Marker" [stack: 0x000000784fe00000,0x000000784ff00000] [id=32328]
  0x000001b551e62fe0 ConcurrentGCThread "G1 Conc#0" [stack: 0x000000784ff00000,0x0000007850000000] [id=33400]
  0x000001b562666020 ConcurrentGCThread "G1 Conc#1" [stack: 0x0000007851c00000,0x0000007851d00000] [id=12052]
  0x000001b562681a40 ConcurrentGCThread "G1 Conc#2" [stack: 0x0000007851d00000,0x0000007851e00000] [id=15320]
  0x000001b551ede2f0 ConcurrentGCThread "G1 Refine#0" [stack: 0x0000007850000000,0x0000007850100000] [id=14852]
  0x000001b562f4af30 ConcurrentGCThread "G1 Refine#1" [stack: 0x0000007853900000,0x0000007853a00000] [id=30900]
  0x000001b55cf4a520 ConcurrentGCThread "G1 Service" [stack: 0x0000007850100000,0x0000007850200000] [id=9024]

Threads with active compile tasks:

VM state: at safepoint (normal execution)

VM Mutex/Monitor currently owned by a thread:  ([mutex/lock_event])
[0x000001b551e18b40] Threads_lock - owner thread: 0x000001b55d0e0080
[0x000001b551e17ee0] Heap_lock - owner thread: 0x000001b56342fd80

Heap address: 0x00000000c0000000, size: 1024 MB, Compressed Oops mode: 32-bit

CDS archive(s) not mapped
Compressed class space mapped at: 0x0000000100000000-0x0000000140000000, reserved size: 1073741824
Narrow klass base: 0x0000000000000000, Narrow klass shift: 3, Narrow klass range: 0x140000000

GC Precious Log:
 CPUs: 12 total, 12 available
 Memory: 16332M
 Large Page Support: Disabled
 NUMA Support: Disabled
 Compressed Oops: Enabled (32-bit)
 Heap Region Size: 1M
 Heap Min Capacity: 8M
 Heap Initial Capacity: 256M
 Heap Max Capacity: 1G
 Pre-touch: Disabled
 Parallel Workers: 10
 Concurrent Workers: 3
 Concurrent Refinement Workers: 10
 Periodic GC: Disabled

Heap:
 garbage-first heap   total 91136K, used 53331K [0x00000000c0000000, 0x0000000100000000)
  region size 1024K, 3 young (3072K), 3 survivors (3072K)
 Metaspace       used 60704K, committed 61376K, reserved 1114112K
  class space    used 7603K, committed 7872K, reserved 1048576K

Heap Regions: E=young(eden), S=young(survivor), O=old, HS=humongous(starts), HC=humongous(continues), CS=collection set, F=free, OA=open archive, CA=closed archive, TAMS=top-at-mark-start (previous, next)
|   0|0x00000000c0000000, 0x00000000c0100000, 0x00000000c0100000|100%|HS|  |TAMS 0x00000000c0100000, 0x00000000c0000000| Complete 
|   1|0x00000000c0100000, 0x00000000c0200000, 0x00000000c0200000|100%|HC|  |TAMS 0x00000000c0200000, 0x00000000c0100000| Complete 
|   2|0x00000000c0200000, 0x00000000c0300000, 0x00000000c0300000|100%|HC|  |TAMS 0x00000000c0300000, 0x00000000c0200000| Complete 
|   3|0x00000000c0300000, 0x00000000c0400000, 0x00000000c0400000|100%|HC|  |TAMS 0x00000000c0400000, 0x00000000c0300000| Complete 
|   4|0x00000000c0400000, 0x00000000c0500000, 0x00000000c0500000|100%|HS|  |TAMS 0x00000000c0500000, 0x00000000c0400000| Complete 
|   5|0x00000000c0500000, 0x00000000c0600000, 0x00000000c0600000|100%|HC|  |TAMS 0x00000000c0600000, 0x00000000c0500000| Complete 
|   6|0x00000000c0600000, 0x00000000c0700000, 0x00000000c0700000|100%| O|  |TAMS 0x00000000c0700000, 0x00000000c0600000| Untracked 
|   7|0x00000000c0700000, 0x00000000c0800000, 0x00000000c0800000|100%| O|  |TAMS 0x00000000c0800000, 0x00000000c0700000| Untracked 
|   8|0x00000000c0800000, 0x00000000c0900000, 0x00000000c0900000|100%| O|  |TAMS 0x00000000c0900000, 0x00000000c0800000| Untracked 
|   9|0x00000000c0900000, 0x00000000c0a00000, 0x00000000c0a00000|100%| O|  |TAMS 0x00000000c0a00000, 0x00000000c0900000| Untracked 
|  10|0x00000000c0a00000, 0x00000000c0b00000, 0x00000000c0b00000|100%| O|  |TAMS 0x00000000c0b00000, 0x00000000c0a00000| Untracked 
|  11|0x00000000c0b00000, 0x00000000c0c00000, 0x00000000c0c00000|100%| O|  |TAMS 0x00000000c0c00000, 0x00000000c0b00000| Untracked 
|  12|0x00000000c0c00000, 0x00000000c0d00000, 0x00000000c0d00000|100%| O|  |TAMS 0x00000000c0d00000, 0x00000000c0c00000| Untracked 
|  13|0x00000000c0d00000, 0x00000000c0e00000, 0x00000000c0e00000|100%| O|  |TAMS 0x00000000c0e00000, 0x00000000c0d00000| Untracked 
|  14|0x00000000c0e00000, 0x00000000c0f00000, 0x00000000c0f00000|100%| O|  |TAMS 0x00000000c0f00000, 0x00000000c0e00000| Untracked 
|  15|0x00000000c0f00000, 0x00000000c0fb7c00, 0x00000000c1000000| 71%| O|  |TAMS 0x00000000c0fb7c00, 0x00000000c0f00000| Untracked 
|  16|0x00000000c1000000, 0x00000000c1100000, 0x00000000c1100000|100%| O|  |TAMS 0x00000000c1100000, 0x00000000c1000000| Untracked 
|  17|0x00000000c1100000, 0x00000000c1200000, 0x00000000c1200000|100%| O|  |TAMS 0x00000000c1200000, 0x00000000c1100000| Untracked 
|  18|0x00000000c1200000, 0x00000000c1300000, 0x00000000c1300000|100%| O|  |TAMS 0x00000000c1300000, 0x00000000c1200000| Untracked 
|  19|0x00000000c1300000, 0x00000000c1400000, 0x00000000c1400000|100%| O|  |TAMS 0x00000000c1400000, 0x00000000c1300000| Untracked 
|  20|0x00000000c1400000, 0x00000000c1500000, 0x00000000c1500000|100%|HS|  |TAMS 0x00000000c1400000, 0x00000000c1400000| Complete 
|  21|0x00000000c1500000, 0x00000000c1600000, 0x00000000c1600000|100%| O|  |TAMS 0x00000000c1500000, 0x00000000c1500000| Untracked 
|  22|0x00000000c1600000, 0x00000000c1700000, 0x00000000c1700000|100%| O|  |TAMS 0x00000000c1700000, 0x00000000c1600000| Untracked 
|  23|0x00000000c1700000, 0x00000000c176de00, 0x00000000c1800000| 42%| O|  |TAMS 0x00000000c1700000, 0x00000000c1700000| Untracked 
|  24|0x00000000c1800000, 0x00000000c1800000, 0x00000000c1900000|  0%| F|  |TAMS 0x00000000c1800000, 0x00000000c1800000| Untracked 
|  25|0x00000000c1900000, 0x00000000c1a00000, 0x00000000c1a00000|100%| O|  |TAMS 0x00000000c1a00000, 0x00000000c1900000| Untracked 
|  26|0x00000000c1a00000, 0x00000000c1a00000, 0x00000000c1b00000|  0%| F|  |TAMS 0x00000000c1a00000, 0x00000000c1a00000| Untracked 
|  27|0x00000000c1b00000, 0x00000000c1b00000, 0x00000000c1c00000|  0%| F|  |TAMS 0x00000000c1b00000, 0x00000000c1b00000| Untracked 
|  28|0x00000000c1c00000, 0x00000000c1d00000, 0x00000000c1d00000|100%| O|  |TAMS 0x00000000c1d00000, 0x00000000c1c00000| Untracked 
|  29|0x00000000c1d00000, 0x00000000c1d00000, 0x00000000c1e00000|  0%| F|  |TAMS 0x00000000c1d00000, 0x00000000c1d00000| Untracked 
|  30|0x00000000c1e00000, 0x00000000c1f00000, 0x00000000c1f00000|100%| O|  |TAMS 0x00000000c1f00000, 0x00000000c1e00000| Untracked 
|  31|0x00000000c1f00000, 0x00000000c2000000, 0x00000000c2000000|100%| O|  |TAMS 0x00000000c2000000, 0x00000000c1f00000| Untracked 
|  32|0x00000000c2000000, 0x00000000c2100000, 0x00000000c2100000|100%| O|  |TAMS 0x00000000c2100000, 0x00000000c2000000| Untracked 
|  33|0x00000000c2100000, 0x00000000c2200000, 0x00000000c2200000|100%| O|  |TAMS 0x00000000c2200000, 0x00000000c2100000| Untracked 
|  34|0x00000000c2200000, 0x00000000c2300000, 0x00000000c2300000|100%| O|  |TAMS 0x00000000c2300000, 0x00000000c2200000| Untracked 
|  35|0x00000000c2300000, 0x00000000c2400000, 0x00000000c2400000|100%| O|  |TAMS 0x00000000c2400000, 0x00000000c2300000| Untracked 
|  36|0x00000000c2400000, 0x00000000c2500000, 0x00000000c2500000|100%| O|  |TAMS 0x00000000c2500000, 0x00000000c2400000| Untracked 
|  37|0x00000000c2500000, 0x00000000c2600000, 0x00000000c2600000|100%| O|  |TAMS 0x00000000c2600000, 0x00000000c2500000| Untracked 
|  38|0x00000000c2600000, 0x00000000c2600000, 0x00000000c2700000|  0%| F|  |TAMS 0x00000000c2600000, 0x00000000c2600000| Untracked 
|  39|0x00000000c2700000, 0x00000000c2800000, 0x00000000c2800000|100%| O|  |TAMS 0x00000000c2800000, 0x00000000c2700000| Untracked 
|  40|0x00000000c2800000, 0x00000000c2900000, 0x00000000c2900000|100%| O|  |TAMS 0x00000000c2900000, 0x00000000c2800000| Complete 
|  41|0x00000000c2900000, 0x00000000c2a00000, 0x00000000c2a00000|100%| O|  |TAMS 0x00000000c2a00000, 0x00000000c2900000| Complete 
|  42|0x00000000c2a00000, 0x00000000c2b00000, 0x00000000c2b00000|100%| O|  |TAMS 0x00000000c2b00000, 0x00000000c2a00000| Complete 
|  43|0x00000000c2b00000, 0x00000000c2c00000, 0x00000000c2c00000|100%| O|  |TAMS 0x00000000c2c00000, 0x00000000c2b00000| Complete 
|  44|0x00000000c2c00000, 0x00000000c2d00000, 0x00000000c2d00000|100%| O|  |TAMS 0x00000000c2d00000, 0x00000000c2c00000| Complete 
|  45|0x00000000c2d00000, 0x00000000c2e00000, 0x00000000c2e00000|100%| O|  |TAMS 0x00000000c2e00000, 0x00000000c2d00000| Untracked 
|  46|0x00000000c2e00000, 0x00000000c2f00000, 0x00000000c2f00000|100%| O|  |TAMS 0x00000000c2f00000, 0x00000000c2e00000| Complete 
|  47|0x00000000c2f00000, 0x00000000c3000000, 0x00000000c3000000|100%| O|  |TAMS 0x00000000c3000000, 0x00000000c2f00000| Untracked 
|  48|0x00000000c3000000, 0x00000000c3100000, 0x00000000c3100000|100%| O|  |TAMS 0x00000000c3100000, 0x00000000c3000000| Untracked 
|  49|0x00000000c3100000, 0x00000000c3200000, 0x00000000c3200000|100%| O|  |TAMS 0x00000000c3200000, 0x00000000c3100000| Untracked 
|  50|0x00000000c3200000, 0x00000000c3300000, 0x00000000c3300000|100%| O|  |TAMS 0x00000000c3300000, 0x00000000c3200000| Untracked 
|  51|0x00000000c3300000, 0x00000000c3400000, 0x00000000c3400000|100%| O|  |TAMS 0x00000000c3400000, 0x00000000c3300000| Untracked 
|  52|0x00000000c3400000, 0x00000000c3500000, 0x00000000c3500000|100%| O|  |TAMS 0x00000000c3500000, 0x00000000c3400000| Untracked 
|  53|0x00000000c3500000, 0x00000000c3600000, 0x00000000c3600000|100%| O|  |TAMS 0x00000000c3600000, 0x00000000c3500000| Untracked 
|  54|0x00000000c3600000, 0x00000000c3700000, 0x00000000c3700000|100%| O|  |TAMS 0x00000000c3700000, 0x00000000c3600000| Untracked 
|  55|0x00000000c3700000, 0x00000000c3700000, 0x00000000c3800000|  0%| F|  |TAMS 0x00000000c3700000, 0x00000000c3700000| Untracked 
|  56|0x00000000c3800000, 0x00000000c3800000, 0x00000000c3900000|  0%| F|  |TAMS 0x00000000c3800000, 0x00000000c3800000| Untracked 
|  57|0x00000000c3900000, 0x00000000c3900000, 0x00000000c3a00000|  0%| F|  |TAMS 0x00000000c3900000, 0x00000000c3900000| Untracked 
|  58|0x00000000c3a00000, 0x00000000c3a00000, 0x00000000c3b00000|  0%| F|  |TAMS 0x00000000c3a00000, 0x00000000c3a00000| Untracked 
|  59|0x00000000c3b00000, 0x00000000c3b00000, 0x00000000c3c00000|  0%| F|  |TAMS 0x00000000c3b00000, 0x00000000c3b00000| Untracked 
|  60|0x00000000c3c00000, 0x00000000c3c00000, 0x00000000c3d00000|  0%| F|  |TAMS 0x00000000c3c00000, 0x00000000c3c00000| Untracked 
|  61|0x00000000c3d00000, 0x00000000c3d00000, 0x00000000c3e00000|  0%| F|  |TAMS 0x00000000c3d00000, 0x00000000c3d00000| Untracked 
|  62|0x00000000c3e00000, 0x00000000c3eef568, 0x00000000c3f00000| 93%| S|CS|TAMS 0x00000000c3e00000, 0x00000000c3e00000| Complete 
|  63|0x00000000c3f00000, 0x00000000c3f00000, 0x00000000c4000000|  0%| F|  |TAMS 0x00000000c3f00000, 0x00000000c3f00000| Untracked 
|  64|0x00000000c4000000, 0x00000000c4000000, 0x00000000c4100000|  0%| F|  |TAMS 0x00000000c4000000, 0x00000000c4000000| Untracked 
|  65|0x00000000c4100000, 0x00000000c4100000, 0x00000000c4200000|  0%| F|  |TAMS 0x00000000c4100000, 0x00000000c4100000| Untracked 
|  66|0x00000000c4200000, 0x00000000c4300000, 0x00000000c4300000|100%| S|CS|TAMS 0x00000000c4200000, 0x00000000c4200000| Complete 
|  67|0x00000000c4300000, 0x00000000c4400000, 0x00000000c4400000|100%| S|CS|TAMS 0x00000000c4300000, 0x00000000c4300000| Complete 
|  68|0x00000000c4400000, 0x00000000c4400000, 0x00000000c4500000|  0%| F|  |TAMS 0x00000000c4400000, 0x00000000c4400000| Untracked 
|  69|0x00000000c4500000, 0x00000000c4500000, 0x00000000c4600000|  0%| F|  |TAMS 0x00000000c4500000, 0x00000000c4500000| Untracked 
|  70|0x00000000c4600000, 0x00000000c4600000, 0x00000000c4700000|  0%| F|  |TAMS 0x00000000c4600000, 0x00000000c4600000| Untracked 
|  71|0x00000000c4700000, 0x00000000c4700000, 0x00000000c4800000|  0%| F|  |TAMS 0x00000000c4700000, 0x00000000c4700000| Untracked 
|  72|0x00000000c4800000, 0x00000000c4800000, 0x00000000c4900000|  0%| F|  |TAMS 0x00000000c4800000, 0x00000000c4800000| Untracked 
|  73|0x00000000c4900000, 0x00000000c4900000, 0x00000000c4a00000|  0%| F|  |TAMS 0x00000000c4900000, 0x00000000c4900000| Untracked 
|  74|0x00000000c4a00000, 0x00000000c4a00000, 0x00000000c4b00000|  0%| F|  |TAMS 0x00000000c4a00000, 0x00000000c4a00000| Untracked 
|  75|0x00000000c4b00000, 0x00000000c4b00000, 0x00000000c4c00000|  0%| F|  |TAMS 0x00000000c4b00000, 0x00000000c4b00000| Untracked 
|  76|0x00000000c4c00000, 0x00000000c4c00000, 0x00000000c4d00000|  0%| F|  |TAMS 0x00000000c4c00000, 0x00000000c4c00000| Untracked 
|  77|0x00000000c4d00000, 0x00000000c4d00000, 0x00000000c4e00000|  0%| F|  |TAMS 0x00000000c4d00000, 0x00000000c4d00000| Untracked 
|  78|0x00000000c4e00000, 0x00000000c4e00000, 0x00000000c4f00000|  0%| F|  |TAMS 0x00000000c4e00000, 0x00000000c4e00000| Untracked 
|  79|0x00000000c4f00000, 0x00000000c4f00000, 0x00000000c5000000|  0%| F|  |TAMS 0x00000000c4f00000, 0x00000000c4f00000| Untracked 
|  80|0x00000000c5000000, 0x00000000c5000000, 0x00000000c5100000|  0%| F|  |TAMS 0x00000000c5000000, 0x00000000c5000000| Untracked 
|  81|0x00000000c5100000, 0x00000000c5100000, 0x00000000c5200000|  0%| F|  |TAMS 0x00000000c5100000, 0x00000000c5100000| Untracked 
|  82|0x00000000c5200000, 0x00000000c5200000, 0x00000000c5300000|  0%| F|  |TAMS 0x00000000c5200000, 0x00000000c5200000| Untracked 
| 230|0x00000000ce600000, 0x00000000ce600000, 0x00000000ce700000|  0%| F|  |TAMS 0x00000000ce600000, 0x00000000ce600000| Untracked 
| 231|0x00000000ce700000, 0x00000000ce700000, 0x00000000ce800000|  0%| F|  |TAMS 0x00000000ce700000, 0x00000000ce700000| Untracked 
| 232|0x00000000ce800000, 0x00000000ce800000, 0x00000000ce900000|  0%| F|  |TAMS 0x00000000ce800000, 0x00000000ce800000| Untracked 
| 234|0x00000000cea00000, 0x00000000cea00000, 0x00000000ceb00000|  0%| F|  |TAMS 0x00000000cea00000, 0x00000000cea00000| Untracked 
| 235|0x00000000ceb00000, 0x00000000ceb00000, 0x00000000cec00000|  0%| F|  |TAMS 0x00000000ceb00000, 0x00000000ceb00000| Untracked 
| 255|0x00000000cff00000, 0x00000000cff00000, 0x00000000d0000000|  0%| F|  |TAMS 0x00000000cff00000, 0x00000000cff00000| Untracked 

Card table byte_map: [0x000001b557ff0000,0x000001b5581f0000] _byte_map_base: 0x000001b5579f0000

Marking Bits (Prev, Next): (CMBitMap*) 0x000001b551e59cd0, (CMBitMap*) 0x000001b551e59c90
 Prev Bits: [0x000001b5593f0000, 0x000001b55a3f0000)
 Next Bits: [0x000001b5583f0000, 0x000001b5593f0000)

Polling page: 0x000001b54fe10000

Metaspace:

Usage:
  Non-class:     51.86 MB used.
      Class:      7.43 MB used.
       Both:     59.28 MB used.

Virtual space:
  Non-class space:       64.00 MB reserved,      52.25 MB ( 82%) committed,  1 nodes.
      Class space:        1.00 GB reserved,       7.69 MB ( <1%) committed,  1 nodes.
             Both:        1.06 GB reserved,      59.94 MB (  6%) committed. 

Chunk freelists:
   Non-Class:  11.40 MB
       Class:  8.28 MB
        Both:  19.69 MB

MaxMetaspaceSize: unlimited
CompressedClassSpaceSize: 1.00 GB
Initial GC threshold: 21.00 MB
Current GC threshold: 99.94 MB
CDS: off
MetaspaceReclaimPolicy: balanced
 - commit_granule_bytes: 65536.
 - commit_granule_words: 8192.
 - virtual_space_node_default_size: 8388608.
 - enlarge_chunks_in_place: 1.
 - new_chunks_are_fully_committed: 0.
 - uncommit_free_chunks: 1.
 - use_allocation_guard: 0.
 - handle_deallocations: 1.


Internal statistics:

num_allocs_failed_limit: 6.
num_arena_births: 676.
num_arena_deaths: 240.
num_vsnodes_births: 2.
num_vsnodes_deaths: 0.
num_space_committed: 958.
num_space_uncommitted: 0.
num_chunks_returned_to_freelist: 272.
num_chunks_taken_from_freelist: 2583.
num_chunk_merges: 96.
num_chunk_splits: 1785.
num_chunks_enlarged: 1357.
num_inconsistent_stats: 0.

CodeCache: size=49152Kb used=11614Kb max_used=12192Kb free=37537Kb
 bounds [0x000001b554ac0000, 0x000001b5556b0000, 0x000001b557ac0000]
 total_blobs=7004 nmethods=6347 adapters=584
 compilation: enabled
              stopped_count=0, restarted_count=0
 full_count=0

Compilation events (20 events):
Event: 140.969 Thread 0x000001b55d12d1a0 6340   !   1       java.util.concurrent.CompletableFuture$UniApply::tryFire (149 bytes)
Event: 140.971 Thread 0x000001b55d12d1a0 nmethod 6340 0x000001b554c4f590 code [0x000001b554c4f8a0, 0x000001b554c50788]
Event: 140.971 Thread 0x000001b55d12d1a0 6341       1       java.io.BufferedInputStream::getInIfOpen (21 bytes)
Event: 140.971 Thread 0x000001b55d12d1a0 nmethod 6341 0x000001b554c4f210 code [0x000001b554c4f3a0, 0x000001b554c4f508]
Event: 140.971 Thread 0x000001b55d12d1a0 6342       1       java.io.BufferedInputStream::fill (203 bytes)
Event: 140.972 Thread 0x000001b55d12d1a0 nmethod 6342 0x000001b554c4e790 code [0x000001b554c4e9a0, 0x000001b554c4f008]
Event: 140.972 Thread 0x000001b55d12d1a0 6343       1       java.time.LocalTime::create (26 bytes)
Event: 140.972 Thread 0x000001b55d12d1a0 nmethod 6343 0x000001b554c4e390 code [0x000001b554c4e520, 0x000001b554c4e698]
Event: 140.972 Thread 0x000001b55d12d1a0 6344       1       ch.qos.logback.classic.spi.LoggingEvent::getThreadName (23 bytes)
Event: 140.972 Thread 0x000001b55d12d1a0 nmethod 6344 0x000001b554c4e010 code [0x000001b554c4e1a0, 0x000001b554c4e2e8]
Event: 140.972 Thread 0x000001b55d12d1a0 6345       1       ch.qos.logback.classic.spi.LoggingEvent::getFormattedMessage (53 bytes)
Event: 140.972 Thread 0x000001b55d12d1a0 nmethod 6345 0x000001b554c4da90 code [0x000001b554c4dc60, 0x000001b554c4dee8]
Event: 140.993 Thread 0x000001b55d12d1a0 6346       1       com.google.gson.JsonElement::isJsonNull (5 bytes)
Event: 140.993 Thread 0x000001b55d12d1a0 nmethod 6346 0x000001b554c4d790 code [0x000001b554c4d920, 0x000001b554c4da18]
Event: 141.019 Thread 0x000001b55d12d1a0 6347       1       org.eclipse.jdt.internal.compiler.util.CharArrayMap::transferTo (45 bytes)
Event: 141.019 Thread 0x000001b55d12d1a0 nmethod 6347 0x000001b554c4d290 code [0x000001b554c4d440, 0x000001b554c4d5e8]
Event: 141.019 Thread 0x000001b55d12d1a0 6348       1       org.eclipse.jdt.internal.compiler.lookup.BinaryModuleBinding::resolvePackages (231 bytes)
Event: 141.019 Thread 0x000001b55d12d1a0 nmethod 6348 0x000001b554c4c010 code [0x000001b554c4c260, 0x000001b554c4cd58]
Event: 141.021 Thread 0x000001b55d12d1a0 6349       1       java.util.stream.TerminalOp::getOpFlags (2 bytes)
Event: 141.021 Thread 0x000001b55d12d1a0 nmethod 6349 0x000001b554c4bd10 code [0x000001b554c4bea0, 0x000001b554c4bf78]

GC Heap History (20 events):
Event: 3.345 GC heap after
{Heap after GC invocations=9 (full 0):
 garbage-first heap   total 91136K, used 31506K [0x00000000c0000000, 0x0000000100000000)
  region size 1024K, 3 young (3072K), 3 survivors (3072K)
 Metaspace       used 40844K, committed 41216K, reserved 1114112K
  class space    used 5200K, committed 5376K, reserved 1048576K
}
Event: 3.730 GC heap before
{Heap before GC invocations=9 (full 0):
 garbage-first heap   total 91136K, used 67346K [0x00000000c0000000, 0x0000000100000000)
  region size 1024K, 38 young (38912K), 3 survivors (3072K)
 Metaspace       used 45467K, committed 45888K, reserved 1114112K
  class space    used 5699K, committed 5888K, reserved 1048576K
}
Event: 3.733 GC heap after
{Heap after GC invocations=10 (full 0):
 garbage-first heap   total 91136K, used 38731K [0x00000000c0000000, 0x0000000100000000)
  region size 1024K, 5 young (5120K), 5 survivors (5120K)
 Metaspace       used 45467K, committed 45888K, reserved 1114112K
  class space    used 5699K, committed 5888K, reserved 1048576K
}
Event: 3.955 GC heap before
{Heap before GC invocations=10 (full 0):
 garbage-first heap   total 91136K, used 65355K [0x00000000c0000000, 0x0000000100000000)
  region size 1024K, 32 young (32768K), 5 survivors (5120K)
 Metaspace       used 49111K, committed 49536K, reserved 1114112K
  class space    used 6057K, committed 6272K, reserved 1048576K
}
Event: 3.957 GC heap after
{Heap after GC invocations=11 (full 0):
 garbage-first heap   total 91136K, used 41616K [0x00000000c0000000, 0x0000000100000000)
  region size 1024K, 3 young (3072K), 3 survivors (3072K)
 Metaspace       used 49111K, committed 49536K, reserved 1114112K
  class space    used 6057K, committed 6272K, reserved 1048576K
}
Event: 4.041 GC heap before
{Heap before GC invocations=11 (full 0):
 garbage-first heap   total 91136K, used 67216K [0x00000000c0000000, 0x0000000100000000)
  region size 1024K, 28 young (28672K), 3 survivors (3072K)
 Metaspace       used 51015K, committed 51456K, reserved 1114112K
  class space    used 6321K, committed 6528K, reserved 1048576K
}
Event: 4.044 GC heap after
{Heap after GC invocations=12 (full 0):
 garbage-first heap   total 91136K, used 44276K [0x00000000c0000000, 0x0000000100000000)
  region size 1024K, 3 young (3072K), 3 survivors (3072K)
 Metaspace       used 51015K, committed 51456K, reserved 1114112K
  class space    used 6321K, committed 6528K, reserved 1048576K
}
Event: 4.170 GC heap before
{Heap before GC invocations=12 (full 0):
 garbage-first heap   total 91136K, used 68852K [0x00000000c0000000, 0x0000000100000000)
  region size 1024K, 28 young (28672K), 3 survivors (3072K)
 Metaspace       used 55746K, committed 56192K, reserved 1114112K
  class space    used 6884K, committed 7104K, reserved 1048576K
}
Event: 4.173 GC heap after
{Heap after GC invocations=13 (full 0):
 garbage-first heap   total 91136K, used 47200K [0x00000000c0000000, 0x0000000100000000)
  region size 1024K, 3 young (3072K), 3 survivors (3072K)
 Metaspace       used 55746K, committed 56192K, reserved 1114112K
  class space    used 6884K, committed 7104K, reserved 1048576K
}
Event: 4.301 GC heap before
{Heap before GC invocations=14 (full 0):
 garbage-first heap   total 91136K, used 70752K [0x00000000c0000000, 0x0000000100000000)
  region size 1024K, 26 young (26624K), 3 survivors (3072K)
 Metaspace       used 57713K, committed 58240K, reserved 1114112K
  class space    used 7186K, committed 7424K, reserved 1048576K
}
Event: 4.304 GC heap after
{Heap after GC invocations=15 (full 0):
 garbage-first heap   total 91136K, used 49532K [0x00000000c0000000, 0x0000000100000000)
  region size 1024K, 3 young (3072K), 3 survivors (3072K)
 Metaspace       used 57713K, committed 58240K, reserved 1114112K
  class space    used 7186K, committed 7424K, reserved 1048576K
}
Event: 52.121 GC heap before
{Heap before GC invocations=15 (full 0):
 garbage-first heap   total 91136K, used 70012K [0x00000000c0000000, 0x0000000100000000)
  region size 1024K, 24 young (24576K), 3 survivors (3072K)
 Metaspace       used 60827K, committed 61376K, reserved 1114112K
  class space    used 7627K, committed 7872K, reserved 1048576K
}
Event: 52.124 GC heap after
{Heap after GC invocations=16 (full 0):
 garbage-first heap   total 91136K, used 50123K [0x00000000c0000000, 0x0000000100000000)
  region size 1024K, 2 young (2048K), 2 survivors (2048K)
 Metaspace       used 60827K, committed 61376K, reserved 1114112K
  class space    used 7627K, committed 7872K, reserved 1048576K
}
Event: 59.302 GC heap before
{Heap before GC invocations=17 (full 0):
 garbage-first heap   total 91136K, used 72651K [0x00000000c0000000, 0x0000000100000000)
  region size 1024K, 24 young (24576K), 2 survivors (2048K)
 Metaspace       used 60699K, committed 61376K, reserved 1114112K
  class space    used 7595K, committed 7872K, reserved 1048576K
}
Event: 59.304 GC heap after
{Heap after GC invocations=18 (full 0):
 garbage-first heap   total 91136K, used 52591K [0x00000000c0000000, 0x0000000100000000)
  region size 1024K, 3 young (3072K), 3 survivors (3072K)
 Metaspace       used 60699K, committed 61376K, reserved 1114112K
  class space    used 7595K, committed 7872K, reserved 1048576K
}
Event: 59.318 GC heap before
{Heap before GC invocations=18 (full 0):
 garbage-first heap   total 91136K, used 52591K [0x00000000c0000000, 0x0000000100000000)
  region size 1024K, 4 young (4096K), 3 survivors (3072K)
 Metaspace       used 60702K, committed 61376K, reserved 1114112K
  class space    used 7597K, committed 7872K, reserved 1048576K
}
Event: 59.322 GC heap after
{Heap after GC invocations=19 (full 0):
 garbage-first heap   total 91136K, used 49145K [0x00000000c0000000, 0x0000000100000000)
  region size 1024K, 1 young (1024K), 1 survivors (1024K)
 Metaspace       used 60702K, committed 61376K, reserved 1114112K
  class space    used 7597K, committed 7872K, reserved 1048576K
}
Event: 129.683 GC heap before
{Heap before GC invocations=19 (full 0):
 garbage-first heap   total 91136K, used 70649K [0x00000000c0000000, 0x0000000100000000)
  region size 1024K, 23 young (23552K), 1 survivors (1024K)
 Metaspace       used 60757K, committed 61376K, reserved 1114112K
  class space    used 7613K, committed 7872K, reserved 1048576K
}
Event: 129.684 GC heap after
{Heap after GC invocations=20 (full 0):
 garbage-first heap   total 91136K, used 51053K [0x00000000c0000000, 0x0000000100000000)
  region size 1024K, 3 young (3072K), 3 survivors (3072K)
 Metaspace       used 60757K, committed 61376K, reserved 1114112K
  class space    used 7613K, committed 7872K, reserved 1048576K
}
Event: 141.024 GC heap before
{Heap before GC invocations=21 (full 0):
 garbage-first heap   total 91136K, used 72526K [0x00000000c0000000, 0x0000000100000000)
  region size 1024K, 24 young (24576K), 3 survivors (3072K)
 Metaspace       used 60704K, committed 61376K, reserved 1114112K
  class space    used 7603K, committed 7872K, reserved 1048576K
}

Dll operation events (10 events):
Event: 0.008 Loaded shared library c:\Users\andre\.vscode\extensions\redhat.java-1.34.0-win32-x64\jre\17.0.12-win32-x86_64\bin\java.dll
Event: 0.122 Loaded shared library C:\Users\andre\.vscode\extensions\redhat.java-1.34.0-win32-x64\jre\17.0.12-win32-x86_64\bin\net.dll
Event: 0.124 Loaded shared library C:\Users\andre\.vscode\extensions\redhat.java-1.34.0-win32-x64\jre\17.0.12-win32-x86_64\bin\nio.dll
Event: 0.143 Loaded shared library C:\Users\andre\.vscode\extensions\redhat.java-1.34.0-win32-x64\jre\17.0.12-win32-x86_64\bin\zip.dll
Event: 0.389 Loaded shared library C:\Users\andre\.vscode\extensions\redhat.java-1.34.0-win32-x64\jre\17.0.12-win32-x86_64\bin\jimage.dll
Event: 1.507 Loaded shared library c:\Users\andre\.vscode\extensions\redhat.java-1.34.0-win32-x64\jre\17.0.12-win32-x86_64\bin\verify.dll
Event: 3.137 Loaded shared library C:\Users\andre\.vscode\extensions\redhat.java-1.34.0-win32-x64\jre\17.0.12-win32-x86_64\bin\management.dll
Event: 3.140 Loaded shared library C:\Users\andre\.vscode\extensions\redhat.java-1.34.0-win32-x64\jre\17.0.12-win32-x86_64\bin\management_ext.dll
Event: 3.984 Loaded shared library C:\Users\andre\.vscode\extensions\redhat.java-1.34.0-win32-x64\jre\17.0.12-win32-x86_64\bin\sunmscapi.dll
Event: 4.111 Loaded shared library C:\Users\andre\.vscode\extensions\redhat.java-1.34.0-win32-x64\jre\17.0.12-win32-x86_64\bin\extnet.dll

Deoptimization events (14 events):
Event: 3.320 Thread 0x000001b5628e8dc0 DEOPT PACKING pc=0x000001b555098981 sp=0x00000078529fdcc0
Event: 3.320 Thread 0x000001b5628e8dc0 DEOPT UNPACKING pc=0x000001b554b17143 sp=0x00000078529fd150 mode 3
Event: 3.331 Thread 0x000001b5628e6030 DEOPT PACKING pc=0x000001b55507ac97 sp=0x0000007852aff260
Event: 3.331 Thread 0x000001b5628e6030 DEOPT UNPACKING pc=0x000001b554b17143 sp=0x0000007852afe6b8 mode 3
Event: 4.003 Thread 0x000001b5634311c0 DEOPT PACKING pc=0x000001b554f6c10c sp=0x0000007853bfa900
Event: 4.003 Thread 0x000001b5634311c0 DEOPT UNPACKING pc=0x000001b554b17143 sp=0x0000007853bf9dc8 mode 0
Event: 4.055 Thread 0x000001b56342fd80 DEOPT PACKING pc=0x000001b55548182c sp=0x0000007852ffdf20
Event: 4.055 Thread 0x000001b56342fd80 DEOPT UNPACKING pc=0x000001b554b17143 sp=0x0000007852ffd618 mode 0
Event: 4.159 Thread 0x000001b5634311c0 DEOPT PACKING pc=0x000001b5551a6624 sp=0x0000007853bfe330
Event: 4.159 Thread 0x000001b5634311c0 DEOPT UNPACKING pc=0x000001b554b17143 sp=0x0000007853bfd818 mode 0
Event: 4.175 Thread 0x000001b563432600 DEOPT PACKING pc=0x000001b5551a6624 sp=0x00000078538fef70
Event: 4.175 Thread 0x000001b563430290 DEOPT PACKING pc=0x000001b5551a6624 sp=0x00000078532fec10
Event: 4.175 Thread 0x000001b563432600 DEOPT UNPACKING pc=0x000001b554b17143 sp=0x00000078538fe458 mode 0
Event: 4.175 Thread 0x000001b563430290 DEOPT UNPACKING pc=0x000001b554b17143 sp=0x00000078532fe0f8 mode 0

Classes loaded (20 events):
Event: 4.838 Loading class java/util/concurrent/CompletableFuture$MinimalStage
Event: 4.838 Loading class java/util/concurrent/CompletableFuture$MinimalStage done
Event: 4.936 Loading class java/nio/HeapByteBufferR
Event: 4.937 Loading class java/nio/HeapByteBufferR done
Event: 5.059 Loading class java/io/OutputStream$1
Event: 5.059 Loading class java/io/OutputStream$1 done
Event: 5.121 Loading class sun/security/ssl/PreSharedKeyExtension$PskIdentity
Event: 5.122 Loading class sun/security/ssl/PreSharedKeyExtension$PskIdentity done
Event: 5.122 Loading class sun/security/ssl/PreSharedKeyExtension$CHPreSharedKeySpec
Event: 5.122 Loading class sun/security/ssl/PreSharedKeyExtension$CHPreSharedKeySpec done
Event: 5.122 Loading class sun/security/ssl/PreSharedKeyExtension$PartialClientHelloMessage
Event: 5.122 Loading class sun/security/ssl/PreSharedKeyExtension$PartialClientHelloMessage done
Event: 5.136 Loading class sun/security/ssl/PreSharedKeyExtension$SHPreSharedKeySpec
Event: 5.136 Loading class sun/security/ssl/PreSharedKeyExtension$SHPreSharedKeySpec done
Event: 35.820 Loading class java/util/concurrent/ConcurrentHashMap$TreeNode
Event: 35.820 Loading class java/util/concurrent/ConcurrentHashMap$TreeNode done
Event: 35.820 Loading class java/util/concurrent/ConcurrentHashMap$TreeBin
Event: 35.820 Loading class java/util/concurrent/ConcurrentHashMap$TreeBin done
Event: 53.162 Loading class java/util/LinkedList$LLSpliterator
Event: 53.162 Loading class java/util/LinkedList$LLSpliterator done

Classes unloaded (20 events):
Event: 52.140 Thread 0x000001b55d0e0080 Unloading class 0x00000001000c8400 'java/lang/invoke/LambdaForm$MH+0x00000001000c8400'
Event: 129.701 Thread 0x000001b55d0e0080 Unloading class 0x00000001007c2800 'jdk/internal/reflect/GeneratedConstructorAccessor31'
Event: 129.701 Thread 0x000001b55d0e0080 Unloading class 0x00000001007c2400 'jdk/internal/reflect/GeneratedConstructorAccessor30'
Event: 129.701 Thread 0x000001b55d0e0080 Unloading class 0x00000001007c2000 'jdk/internal/reflect/GeneratedConstructorAccessor29'
Event: 129.701 Thread 0x000001b55d0e0080 Unloading class 0x00000001007c1c00 'jdk/internal/reflect/GeneratedMethodAccessor8'
Event: 129.701 Thread 0x000001b55d0e0080 Unloading class 0x00000001007c1800 'jdk/internal/reflect/GeneratedConstructorAccessor28'
Event: 129.701 Thread 0x000001b55d0e0080 Unloading class 0x00000001007c1400 'jdk/internal/reflect/GeneratedMethodAccessor7'
Event: 129.701 Thread 0x000001b55d0e0080 Unloading class 0x00000001007c1000 'jdk/internal/reflect/GeneratedMethodAccessor6'
Event: 129.701 Thread 0x000001b55d0e0080 Unloading class 0x00000001007c0c00 'jdk/internal/reflect/GeneratedMethodAccessor5'
Event: 129.701 Thread 0x000001b55d0e0080 Unloading class 0x00000001007c0800 'jdk/internal/reflect/GeneratedMethodAccessor4'
Event: 129.701 Thread 0x000001b55d0e0080 Unloading class 0x00000001007c0400 'jdk/internal/reflect/GeneratedConstructorAccessor27'
Event: 129.701 Thread 0x000001b55d0e0080 Unloading class 0x00000001007c0000 'jdk/internal/reflect/GeneratedConstructorAccessor26'
Event: 129.701 Thread 0x000001b55d0e0080 Unloading class 0x0000000100721c00 'java/lang/invoke/LambdaForm$MH+0x0000000100721c00'
Event: 129.701 Thread 0x000001b55d0e0080 Unloading class 0x0000000100721800 'java/lang/invoke/LambdaForm$MH+0x0000000100721800'
Event: 129.701 Thread 0x000001b55d0e0080 Unloading class 0x0000000100721400 'java/lang/invoke/LambdaForm$MH+0x0000000100721400'
Event: 129.701 Thread 0x000001b55d0e0080 Unloading class 0x0000000100721000 'java/lang/invoke/LambdaForm$MH+0x0000000100721000'
Event: 129.701 Thread 0x000001b55d0e0080 Unloading class 0x0000000100720c00 'java/lang/invoke/LambdaForm$MH+0x0000000100720c00'
Event: 129.701 Thread 0x000001b55d0e0080 Unloading class 0x0000000100720800 'java/lang/invoke/LambdaForm$MH+0x0000000100720800'
Event: 129.701 Thread 0x000001b55d0e0080 Unloading class 0x0000000100720400 'java/lang/invoke/LambdaForm$MH+0x0000000100720400'
Event: 129.701 Thread 0x000001b55d0e0080 Unloading class 0x0000000100720000 'java/lang/invoke/LambdaForm$MH+0x0000000100720000'

Classes redefined (0 events):
No events

Internal exceptions (20 events):
Event: 4.368 Thread 0x000001b56342fd80 Exception <a 'sun/nio/fs/WindowsException'{0x00000000c4f2d668}> (0x00000000c4f2d668) 
thrown [s\src\hotspot\share\prims\jni.cpp, line 516]
Event: 4.369 Thread 0x000001b56342fd80 Exception <a 'sun/nio/fs/WindowsException'{0x00000000c4f34a60}> (0x00000000c4f34a60) 
thrown [s\src\hotspot\share\prims\jni.cpp, line 516]
Event: 4.370 Thread 0x000001b56342fd80 Exception <a 'sun/nio/fs/WindowsException'{0x00000000c4f35440}> (0x00000000c4f35440) 
thrown [s\src\hotspot\share\prims\jni.cpp, line 516]
Event: 4.370 Thread 0x000001b56342fd80 Exception <a 'sun/nio/fs/WindowsException'{0x00000000c4f35e70}> (0x00000000c4f35e70) 
thrown [s\src\hotspot\share\prims\jni.cpp, line 516]
Event: 4.370 Thread 0x000001b56342fd80 Exception <a 'sun/nio/fs/WindowsException'{0x00000000c4f36850}> (0x00000000c4f36850) 
thrown [s\src\hotspot\share\prims\jni.cpp, line 516]
Event: 4.370 Thread 0x000001b56342fd80 Exception <a 'sun/nio/fs/WindowsException'{0x00000000c4f37410}> (0x00000000c4f37410) 
thrown [s\src\hotspot\share\prims\jni.cpp, line 516]
Event: 4.370 Thread 0x000001b56342fd80 Exception <a 'sun/nio/fs/WindowsException'{0x00000000c4f37fd0}> (0x00000000c4f37fd0) 
thrown [s\src\hotspot\share\prims\jni.cpp, line 516]
Event: 59.411 Thread 0x000001b56342fd80 Exception <a 'sun/nio/fs/WindowsException'{0x00000000c4c9a888}> (0x00000000c4c9a888) 
thrown [s\src\hotspot\share\prims\jni.cpp, line 516]
Event: 59.411 Thread 0x000001b56342fd80 Exception <a 'sun/nio/fs/WindowsException'{0x00000000c4c9b268}> (0x00000000c4c9b268) 
thrown [s\src\hotspot\share\prims\jni.cpp, line 516]
Event: 59.411 Thread 0x000001b56342fd80 Exception <a 'sun/nio/fs/WindowsException'{0x00000000c4c9bc98}> (0x00000000c4c9bc98) 
thrown [s\src\hotspot\share\prims\jni.cpp, line 516]
Event: 59.411 Thread 0x000001b56342fd80 Exception <a 'sun/nio/fs/WindowsException'{0x00000000c4c9c678}> (0x00000000c4c9c678) 
thrown [s\src\hotspot\share\prims\jni.cpp, line 516]
Event: 59.412 Thread 0x000001b56342fd80 Exception <a 'sun/nio/fs/WindowsException'{0x00000000c4c9d238}> (0x00000000c4c9d238) 
thrown [s\src\hotspot\share\prims\jni.cpp, line 516]
Event: 59.412 Thread 0x000001b56342fd80 Exception <a 'sun/nio/fs/WindowsException'{0x00000000c4c9ddf8}> (0x00000000c4c9ddf8) 
thrown [s\src\hotspot\share\prims\jni.cpp, line 516]
Event: 59.412 Thread 0x000001b56342fd80 Exception <a 'sun/nio/fs/WindowsException'{0x00000000c4c9f3a0}> (0x00000000c4c9f3a0) 
thrown [s\src\hotspot\share\prims\jni.cpp, line 516]
Event: 59.412 Thread 0x000001b56342fd80 Exception <a 'sun/nio/fs/WindowsException'{0x00000000c4c9fd80}> (0x00000000c4c9fd80) 
thrown [s\src\hotspot\share\prims\jni.cpp, line 516]
Event: 59.412 Thread 0x000001b56342fd80 Exception <a 'sun/nio/fs/WindowsException'{0x00000000c4ca07b0}> (0x00000000c4ca07b0) 
thrown [s\src\hotspot\share\prims\jni.cpp, line 516]
Event: 59.412 Thread 0x000001b56342fd80 Exception <a 'sun/nio/fs/WindowsException'{0x00000000c4ca1190}> (0x00000000c4ca1190) 
thrown [s\src\hotspot\share\prims\jni.cpp, line 516]
Event: 59.412 Thread 0x000001b56342fd80 Exception <a 'sun/nio/fs/WindowsException'{0x00000000c4ca1d50}> (0x00000000c4ca1d50) 
thrown [s\src\hotspot\share\prims\jni.cpp, line 516]
Event: 59.412 Thread 0x000001b56342fd80 Exception <a 'sun/nio/fs/WindowsException'{0x00000000c4ca2910}> (0x00000000c4ca2910) 
thrown [s\src\hotspot\share\prims\jni.cpp, line 516]
Event: 65.690 Thread 0x000001b5634307a0 Exception <a 'java/lang/NoSuchMethodError'{0x00000000c49f44a8}: 'void java.lang.invoke.DirectMethodHandle$Holder.invokeStatic(java.lang.Object, int, java.lang.Object)'> (0x00000000c49f44a8) 
thrown [s\src\hotspot\share\interpreter\linkResolver.cpp, line 759]

VM Operations (20 events):
Event: 71.135 Executing VM operation: Cleanup done
Event: 74.156 Executing VM operation: Cleanup
Event: 74.156 Executing VM operation: Cleanup done
Event: 79.192 Executing VM operation: Cleanup
Event: 79.192 Executing VM operation: Cleanup done
Event: 90.263 Executing VM operation: Cleanup
Event: 90.263 Executing VM operation: Cleanup done
Event: 120.119 Executing VM operation: HandshakeAllThreads
Event: 120.119 Executing VM operation: HandshakeAllThreads done
Event: 129.683 Executing VM operation: G1CollectForAllocation
Event: 129.684 Executing VM operation: G1CollectForAllocation done
Event: 129.700 Executing VM operation: G1PauseRemark
Event: 129.707 Executing VM operation: G1PauseRemark done
Event: 129.715 Executing VM operation: G1PauseCleanup
Event: 129.715 Executing VM operation: G1PauseCleanup done
Event: 130.722 Executing VM operation: Cleanup
Event: 130.722 Executing VM operation: Cleanup done
Event: 133.749 Executing VM operation: Cleanup
Event: 133.749 Executing VM operation: Cleanup done
Event: 141.024 Executing VM operation: G1CollectForAllocation

Events (20 events):
Event: 53.484 Thread 0x000001b563433530 Thread exited: 0x000001b563433530
Event: 59.202 Thread 0x000001b56342da10 Thread added: 0x000001b56342da10
Event: 59.202 Thread 0x000001b563430cb0 Thread added: 0x000001b563430cb0
Event: 59.208 Thread 0x000001b5634311c0 Thread added: 0x000001b5634311c0
Event: 59.411 Thread 0x000001b5634f2180 Thread added: 0x000001b5634f2180
Event: 59.704 Thread 0x000001b563434970 Thread added: 0x000001b563434970
Event: 63.387 Thread 0x000001b5628e6a50 Thread exited: 0x000001b5628e6a50
Event: 64.143 Thread 0x000001b563433a40 Thread exited: 0x000001b563433a40
Event: 64.189 Thread 0x000001b563432600 Thread exited: 0x000001b563432600
Event: 64.285 Thread 0x000001b5634f2180 Thread exited: 0x000001b5634f2180
Event: 65.651 Thread 0x000001b56342df20 Thread added: 0x000001b56342df20
Event: 65.668 Thread 0x000001b56342d500 Thread added: 0x000001b56342d500
Event: 73.078 Thread 0x000001b563434970 Thread exited: 0x000001b563434970
Event: 120.227 Thread 0x000001b5628e7980 Thread exited: 0x000001b5628e7980
Event: 125.699 Thread 0x000001b5634307a0 Thread exited: 0x000001b5634307a0
Event: 129.310 Thread 0x000001b563434970 Thread added: 0x000001b563434970
Event: 129.665 Thread 0x000001b56342e430 Thread added: 0x000001b56342e430
Event: 140.951 Thread 0x000001b5634307a0 Thread added: 0x000001b5634307a0
Event: 140.952 Thread 0x000001b5634316d0 Thread added: 0x000001b5634316d0
Event: 140.953 Thread 0x000001b563432600 Thread added: 0x000001b563432600


Dynamic libraries:
0x00007ff697250000 - 0x00007ff69725e000 	c:\Users\andre\.vscode\extensions\redhat.java-1.34.0-win32-x64\jre\17.0.12-win32-x86_64\bin\java.exe
0x00007ffaae470000 - 0x00007ffaae668000 	C:\Windows\SYSTEM32\ntdll.dll
0x00007ffaac710000 - 0x00007ffaac7d1000 	C:\Windows\System32\KERNEL32.DLL
0x00007ffaabd80000 - 0x00007ffaac07d000 	C:\Windows\System32\KERNELBASE.dll
0x00007ffaabbf0000 - 0x00007ffaabcf0000 	C:\Windows\System32\ucrtbase.dll
0x00007ffaa4d20000 - 0x00007ffaa4d37000 	c:\Users\andre\.vscode\extensions\redhat.java-1.34.0-win32-x64\jre\17.0.12-win32-x86_64\bin\jli.dll
0x00007ffaae150000 - 0x00007ffaae2ed000 	C:\Windows\System32\USER32.dll
0x00007ffaac2e0000 - 0x00007ffaac302000 	C:\Windows\System32\win32u.dll
0x00007ffaadab0000 - 0x00007ffaadadb000 	C:\Windows\System32\GDI32.dll
0x00007ffaac310000 - 0x00007ffaac427000 	C:\Windows\System32\gdi32full.dll
0x00007ffaabb20000 - 0x00007ffaabbbd000 	C:\Windows\System32\msvcp_win.dll
0x00007ffaa4820000 - 0x00007ffaa483b000 	c:\Users\andre\.vscode\extensions\redhat.java-1.34.0-win32-x64\jre\17.0.12-win32-x86_64\bin\VCRUNTIME140.dll
0x00007ffa9a5f0000 - 0x00007ffa9a88a000 	C:\Windows\WinSxS\amd64_microsoft.windows.common-controls_6595b64144ccf1df_6.0.19041.4355_none_60b8b9eb71f62e16\COMCTL32.dll
0x00007ffaadb60000 - 0x00007ffaadbfe000 	C:\Windows\System32\msvcrt.dll
0x00007ffaad950000 - 0x00007ffaad97f000 	C:\Windows\System32\IMM32.DLL
0x00007ffaa6390000 - 0x00007ffaa639c000 	c:\Users\andre\.vscode\extensions\redhat.java-1.34.0-win32-x64\jre\17.0.12-win32-x86_64\bin\vcruntime140_1.dll
0x00007ffa8b8b0000 - 0x00007ffa8b93d000 	c:\Users\andre\.vscode\extensions\redhat.java-1.34.0-win32-x64\jre\17.0.12-win32-x86_64\bin\msvcp140.dll
0x00007ffa5c210000 - 0x00007ffa5ce7a000 	c:\Users\andre\.vscode\extensions\redhat.java-1.34.0-win32-x64\jre\17.0.12-win32-x86_64\bin\server\jvm.dll
0x00007ffaae360000 - 0x00007ffaae410000 	C:\Windows\System32\ADVAPI32.dll
0x00007ffaaca30000 - 0x00007ffaacad0000 	C:\Windows\System32\sechost.dll
0x00007ffaac4a0000 - 0x00007ffaac5c3000 	C:\Windows\System32\RPCRT4.dll
0x00007ffaabbc0000 - 0x00007ffaabbe7000 	C:\Windows\System32\bcrypt.dll
0x00007ffaae2f0000 - 0x00007ffaae35b000 	C:\Windows\System32\WS2_32.dll
0x00007ffaab070000 - 0x00007ffaab0bb000 	C:\Windows\SYSTEM32\POWRPROF.dll
0x00007ffa9a450000 - 0x00007ffa9a477000 	C:\Windows\SYSTEM32\WINMM.dll
0x00007ffaa62f0000 - 0x00007ffaa62fa000 	C:\Windows\SYSTEM32\VERSION.dll
0x00007ffaaaee0000 - 0x00007ffaaaef2000 	C:\Windows\SYSTEM32\UMPDC.dll
0x00007ffaa9980000 - 0x00007ffaa9992000 	C:\Windows\SYSTEM32\kernel.appcore.dll
0x00007ffaa6380000 - 0x00007ffaa638a000 	c:\Users\andre\.vscode\extensions\redhat.java-1.34.0-win32-x64\jre\17.0.12-win32-x86_64\bin\jimage.dll
0x00007ffaa5ae0000 - 0x00007ffaa5cc4000 	C:\Windows\SYSTEM32\DBGHELP.DLL
0x00007ffaa5a40000 - 0x00007ffaa5a74000 	C:\Windows\SYSTEM32\dbgcore.DLL
0x00007ffaabcf0000 - 0x00007ffaabd72000 	C:\Windows\System32\bcryptPrimitives.dll
0x00007ffaa47b0000 - 0x00007ffaa47d5000 	c:\Users\andre\.vscode\extensions\redhat.java-1.34.0-win32-x64\jre\17.0.12-win32-x86_64\bin\java.dll
0x00007ffaa4790000 - 0x00007ffaa47a8000 	c:\Users\andre\.vscode\extensions\redhat.java-1.34.0-win32-x64\jre\17.0.12-win32-x86_64\bin\zip.dll
0x00007ffaad1c0000 - 0x00007ffaad92f000 	C:\Windows\System32\SHELL32.dll
0x00007ffaa9b80000 - 0x00007ffaaa323000 	C:\Windows\SYSTEM32\windows.storage.dll
0x00007ffaacad0000 - 0x00007ffaace23000 	C:\Windows\System32\combase.dll
0x00007ffaab470000 - 0x00007ffaab49e000 	C:\Windows\SYSTEM32\Wldp.dll
0x00007ffaac7e0000 - 0x00007ffaac8ad000 	C:\Windows\System32\OLEAUT32.dll
0x00007ffaad110000 - 0x00007ffaad1bd000 	C:\Windows\System32\SHCORE.dll
0x00007ffaace30000 - 0x00007ffaace85000 	C:\Windows\System32\shlwapi.dll
0x00007ffaaba50000 - 0x00007ffaaba74000 	C:\Windows\SYSTEM32\profapi.dll
0x00007ffaa4600000 - 0x00007ffaa4619000 	C:\Users\andre\.vscode\extensions\redhat.java-1.34.0-win32-x64\jre\17.0.12-win32-x86_64\bin\net.dll
0x00007ffaa6950000 - 0x00007ffaa6a5d000 	C:\Windows\SYSTEM32\WINHTTP.dll
0x00007ffaab250000 - 0x00007ffaab2ba000 	C:\Windows\system32\mswsock.dll
0x00007ffa9d0b0000 - 0x00007ffa9d0c6000 	C:\Users\andre\.vscode\extensions\redhat.java-1.34.0-win32-x64\jre\17.0.12-win32-x86_64\bin\nio.dll
0x00007ffaa49c0000 - 0x00007ffaa49d0000 	c:\Users\andre\.vscode\extensions\redhat.java-1.34.0-win32-x64\jre\17.0.12-win32-x86_64\bin\verify.dll
0x00007ffaab7c0000 - 0x00007ffaab7d8000 	C:\Windows\SYSTEM32\CRYPTSP.dll
0x00007ffaaab20000 - 0x00007ffaaab54000 	C:\Windows\system32\rsaenh.dll
0x00007ffaab9d0000 - 0x00007ffaab9fe000 	C:\Windows\SYSTEM32\USERENV.dll
0x00007ffaab3e0000 - 0x00007ffaab3ec000 	C:\Windows\SYSTEM32\CRYPTBASE.dll
0x00007ffaaaf00000 - 0x00007ffaaaf3b000 	C:\Windows\SYSTEM32\IPHLPAPI.DLL
0x00007ffaad940000 - 0x00007ffaad948000 	C:\Windows\System32\NSI.dll
0x00007ffaa8b80000 - 0x00007ffaa8b97000 	C:\Windows\SYSTEM32\dhcpcsvc6.DLL
0x00007ffaa8a10000 - 0x00007ffaa8a2d000 	C:\Windows\SYSTEM32\dhcpcsvc.DLL
0x00007ffaaaf40000 - 0x00007ffaab00a000 	C:\Windows\SYSTEM32\DNSAPI.dll
0x00007ffaa49a0000 - 0x00007ffaa49a9000 	C:\Users\andre\.vscode\extensions\redhat.java-1.34.0-win32-x64\jre\17.0.12-win32-x86_64\bin\management.dll
0x00007ffaa4780000 - 0x00007ffaa478b000 	C:\Users\andre\.vscode\extensions\redhat.java-1.34.0-win32-x64\jre\17.0.12-win32-x86_64\bin\management_ext.dll
0x00007ffaacef0000 - 0x00007ffaacef8000 	C:\Windows\System32\PSAPI.DLL
0x00007ffaa4690000 - 0x00007ffaa469e000 	C:\Users\andre\.vscode\extensions\redhat.java-1.34.0-win32-x64\jre\17.0.12-win32-x86_64\bin\sunmscapi.dll
0x00007ffaac130000 - 0x00007ffaac28c000 	C:\Windows\System32\CRYPT32.dll
0x00007ffaab4e0000 - 0x00007ffaab509000 	C:\Windows\SYSTEM32\ncrypt.dll
0x00007ffaab4a0000 - 0x00007ffaab4db000 	C:\Windows\SYSTEM32\NTASN1.dll
0x00007ffa8d330000 - 0x00007ffa8d337000 	C:\Windows\system32\wshunix.dll
0x00007ffaa45f0000 - 0x00007ffaa45f9000 	C:\Users\andre\.vscode\extensions\redhat.java-1.34.0-win32-x64\jre\17.0.12-win32-x86_64\bin\extnet.dll
0x000000005a1b0000 - 0x000000005a1d6000 	C:\Program Files\Bonjour\mdnsNSP.dll
0x00007ffaa6300000 - 0x00007ffaa630a000 	C:\Windows\System32\rasadhlp.dll
0x00007ffaa5590000 - 0x00007ffaa5610000 	C:\Windows\System32\fwpuclnt.dll

dbghelp: loaded successfully - version: 4.0.5 - missing functions: none
symbol engine: initialized successfully - sym options: 0x614 - pdb path: .;c:\Users\andre\.vscode\extensions\redhat.java-1.34.0-win32-x64\jre\17.0.12-win32-x86_64\bin;C:\Windows\SYSTEM32;C:\Windows\WinSxS\amd64_microsoft.windows.common-controls_6595b64144ccf1df_6.0.19041.4355_none_60b8b9eb71f62e16;c:\Users\andre\.vscode\extensions\redhat.java-1.34.0-win32-x64\jre\17.0.12-win32-x86_64\bin\server;C:\Program Files\Bonjour

VM Arguments:
jvm_args: -Xmx1024m -Dsts.lsp.client=vscode -Dsts.log.file=/dev/null -XX:TieredStopAtLevel=1 -Xlog:jni+resolve=off 
java_command: c:\Users\andre\.vscode\extensions\vmware.vscode-spring-boot-1.57.0\language-server\spring-boot-language-server-1.57.0-SNAPSHOT-exec.jar
java_class_path (initial): c:\Users\andre\.vscode\extensions\vmware.vscode-spring-boot-1.57.0\language-server\spring-boot-language-server-1.57.0-SNAPSHOT-exec.jar
Launcher Type: SUN_STANDARD

[Global flags]
     intx CICompilerCount                          = 4                                         {product} {ergonomic}
     uint ConcGCThreads                            = 3                                         {product} {ergonomic}
     uint G1ConcRefinementThreads                  = 10                                        {product} {ergonomic}
   size_t G1HeapRegionSize                         = 1048576                                   {product} {ergonomic}
    uintx GCDrainStackTargetSize                   = 64                                        {product} {ergonomic}
   size_t InitialHeapSize                          = 268435456                                 {product} {ergonomic}
   size_t MarkStackSize                            = 4194304                                   {product} {ergonomic}
   size_t MaxHeapSize                              = 1073741824                                {product} {command line}
   size_t MaxNewSize                               = 643825664                                 {product} {ergonomic}
   size_t MinHeapDeltaBytes                        = 1048576                                   {product} {ergonomic}
   size_t MinHeapSize                              = 8388608                                   {product} {ergonomic}
    uintx NonProfiledCodeHeapSize                  = 0                                      {pd product} {ergonomic}
     bool ProfileInterpreter                       = false                                  {pd product} {command line}
    uintx ProfiledCodeHeapSize                     = 0                                      {pd product} {ergonomic}
   size_t SoftMaxHeapSize                          = 1073741824                             {manageable} {ergonomic}
     intx TieredStopAtLevel                        = 1                                         {product} {command line}
     bool UseCompressedClassPointers               = true                           {product lp64_product} {ergonomic}
     bool UseCompressedOops                        = true                           {product lp64_product} {ergonomic}
     bool UseG1GC                                  = true                                      {product} {ergonomic}
     bool UseLargePagesIndividualAllocation        = false                                  {pd product} {ergonomic}

Logging:
Log output configuration:
 #0: stdout all=warning,jni+resolve=off uptime,level,tags
 #1: stderr all=off uptime,level,tags

Environment Variables:
JAVA_HOME=C:\Program Files\Eclipse Adoptium\jdk-11.0.19.7-hotspot\
PATH=C:\Python312\Scripts\;C:\Python312\;C:\Program Files\Common Files\Oracle\Java\javapath;C:\Program Files\Eclipse Adoptium\jdk-11.0.19.7-hotspot\bin;C:\Program Files\Eclipse Adoptium\jdk-8.0.362.9-hotspot\bin;C:\ProgramData\Oracle\Java\javapath;C:\Windows\system32;C:\Windows;C:\Windows\System32\Wbem;C:\Windows\System32\WindowsPowerShell\v1.0\;C:\Windows\System32\OpenSSH\;C:\Program Files\NVIDIA Corporation\NVIDIA NvDLISR;C:\Program Files\Git\cmd;C:\Program Files (x86)\NVIDIA Corporation\PhysX\Common;C:\Program Files\dotnet\;C:\Program Files\CMake\bin;D:\sonar-scanner-5.0.1.3006-windows\bin;C:\Program Files\Maven\apache-maven-3.9.6\bin;C:\msys64\ucrt64\bin;D:\build-wrapper-win-x86;C:\Program Files (x86)\Windows Kits\10\Windows Performance Toolkit\;C:\Program Files\Microsoft Visual Studio\2022\Community\MSBuild\Current\Bin;D:\Clone repositories\Repositories\VST_SDK\vst3sdk\bin\Windows_x64;;C:\Program Files\Git LFS;C:\Program Files\nodejs\;C:\ProgramData\chocolatey\bin;C:\Program Files\Docker\Docker\resources\bin;C:\Users\andre\AppData\Local\Microsoft\WindowsApps;C:\Users\andre\AppData\Local\Programs\Microsoft VS Code\bin;C:\Program Files\JetBrains\IntelliJ IDEA Community Edition 2023.1.2\bin;;D:\sonar-scanner-5.0.1.3006-windows\bin;C:\msys64\ucrt64\bin;D:\build-wrapper-win-x86;C:\Program Files\Microsoft Visual Studio\2022\Community\MSBuild\Current\Bin;D:\Clone repositories\Repositories\VST_SDK\vst3sdk\bin\Windows_x64;C:\Users\andre\AppData\Roaming\npm
USERNAME=andre
OS=Windows_NT
PROCESSOR_IDENTIFIER=AMD64 Family 23 Model 113 Stepping 0, AuthenticAMD
TMP=C:\Users\andre\AppData\Local\Temp
TEMP=C:\Users\andre\AppData\Local\Temp



Periodic native trim disabled


---------------  S Y S T E M  ---------------

OS:
 Windows 10 , 64 bit Build 19041 (10.0.19041.4842)
OS uptime: 2 days 8:46 hours
Hyper-V role detected

CPU: total 12 (initial active 12) (12 cores per cpu, 2 threads per core) family 23 model 113 stepping 0 microcode 0x0, cx8, cmov, fxsr, ht, mmx, 3dnowpref, sse, sse2, sse3, ssse3, sse4a, sse4.1, sse4.2, popcnt, lzcnt, tsc, tscinvbit, avx, avx2, aes, clmul, bmi1, bmi2, adx, sha, fma, vzeroupper, clflush, clflushopt, hv
Processor Information for all 12 processors :
  Max Mhz: 3593, Current Mhz: 3593, Mhz Limit: 3593

Memory: 4k page, system-wide physical 16332M (1244M free)
TotalPageFile size 41962M (AvailPageFile size 56M)
current process WorkingSet (physical memory assigned to process): 226M, peak: 227M
current process commit charge ("private bytes"): 266M, peak: 372M

vm_info: OpenJDK 64-Bit Server VM (17.0.12+7) for windows-amd64 JRE (17.0.12+7), built on Jul 16 2024 22:08:24 by "admin" with MS VC++ 16.10 / 16.11 (VS2019)

END.
