#
# There is insufficient memory for the Java Runtime Environment to continue.
# Native memory allocation (mmap) failed to map 268435456 bytes for G1 virtual space
# Possible reasons:
#   The system is out of physical RAM or swap space
#   The process is running with CompressedOops enabled, and the Java Heap may be blocking the growth of the native heap
# Possible solutions:
#   Reduce memory load on the system
#   Increase physical memory or swap space
#   Check if swap backing store is full
#   Decrease Java heap size (-Xmx/-Xms)
#   Decrease number of Java threads
#   Decrease Java thread stack sizes (-Xss)
#   Set larger code cache with -XX:ReservedCodeCacheSize=
#   JVM is running with Zero Based Compressed Oops mode in which the Java heap is
#     placed in the first 32GB address space. The Java Heap base address is the
#     maximum limit for the native heap growth. Please use -XX:HeapBaseMinAddress
#     to set the Java Heap base and to place the Java Heap above 32GB virtual address.
# This output file may be truncated or incomplete.
#
#  Out of Memory Error (os_windows.cpp:3600), pid=20924, tid=31724
#
# JRE version:  (21.0.3+7) (build )
# Java VM: Java HotSpot(TM) 64-Bit Server VM (21.0.3+7-LTS-152, mixed mode, sharing, tiered, compressed oops, compressed class ptrs, g1 gc, windows-amd64)
# No core dump will be written. Minidumps are not enabled by default on client versions of Windows
#

---------------  S U M M A R Y ------------

Command Line: -XX:+ShowCodeDetailsInExceptionMessages com.patient.system.backend.BackendApplication

Host: AMD Ryzen 5 3600 6-Core Processor              , 12 cores, 15G,  Windows 10 , 64 bit Build 19041 (10.0.19041.4842)
Time: Tue Sep 17 16:30:06 2024 GTB Daylight Time elapsed time: 0.009751 seconds (0d 0h 0m 0s)

---------------  T H R E A D  ---------------

Current thread (0x0000024191f44af0):  JavaThread "Unknown thread" [_thread_in_vm, id=31724, stack(0x000000a73d300000,0x000000a73d400000) (1024K)]

Stack: [0x000000a73d300000,0x000000a73d400000]
Native frames: (J=compiled Java code, j=interpreted, Vv=VM code, C=native code)
V  [jvm.dll+0x6c63b9]
V  [jvm.dll+0x84fa11]
V  [jvm.dll+0x851f3e]
V  [jvm.dll+0x852613]
V  [jvm.dll+0x27cd46]
V  [jvm.dll+0x6c2b55]
V  [jvm.dll+0x6b76da]
V  [jvm.dll+0x35051a]
V  [jvm.dll+0x358176]
V  [jvm.dll+0x3aa84e]
V  [jvm.dll+0x3aaaf8]
V  [jvm.dll+0x32491c]
V  [jvm.dll+0x32547b]
V  [jvm.dll+0x818f69]
V  [jvm.dll+0x3b7771]
V  [jvm.dll+0x802358]
V  [jvm.dll+0x44c7ce]
V  [jvm.dll+0x44e2a1]
C  [jli.dll+0x52a3]
C  [ucrtbase.dll+0x21bb2]
C  [KERNEL32.DLL+0x17374]
C  [ntdll.dll+0x4cc91]


---------------  P R O C E S S  ---------------

Threads class SMR info:
_java_thread_list=0x00007ffa1c401b88, length=0, elements={
}

Java Threads: ( => current thread )
Total: 0

Other Threads:
  0x000002419227fd50 WorkerThread "GC Thread#0"                     [id=7800, stack(0x000000a73d400000,0x000000a73d500000) (1024K)]
  0x0000024192290c30 ConcurrentGCThread "G1 Main Marker"            [id=28428, stack(0x000000a73d500000,0x000000a73d600000) (1024K)]
  0x0000024192291d50 WorkerThread "G1 Conc#0"                       [id=31760, stack(0x000000a73d600000,0x000000a73d700000) (1024K)]

[error occurred during error reporting (printing all threads), id 0xc0000005, EXCEPTION_ACCESS_VIOLATION (0xc0000005) at pc=0x00007ffa1bb77077]
VM state: not at safepoint (not fully initialized)

VM Mutex/Monitor currently owned by a thread:  ([mutex/lock_event])
[0x00007ffa1c472ea8] Heap_lock - owner thread: 0x0000024191f44af0

Heap address: 0x0000000700c00000, size: 4084 MB, Compressed Oops mode: Zero based, Oop shift amount: 3

CDS archive(s) mapped at: [0x0000000000000000-0x0000000000000000-0x0000000000000000), size 0, SharedBaseAddress: 0x0000000800000000, ArchiveRelocationMode: 1.
Narrow klass base: 0x0000000000000000, Narrow klass shift: 0, Narrow klass range: 0x0

GC Precious Log:
 CardTable entry size: 512
 Card Set container configuration: InlinePtr #cards 4 size 8 Array Of Cards #cards 16 size 48 Howl #buckets 8 coarsen threshold 3686 Howl Bitmap #cards 512 size 80 coarsen threshold 460 Card regions per heap region 1 cards per card region 4096

Heap:
 garbage-first heap   total 0K, used 0K [0x0000000700c00000, 0x0000000800000000)
  region size 2048K, 0 young (0K), 0 survivors (0K)

[error occurred during error reporting (printing heap information), id 0xc0000005, EXCEPTION_ACCESS_VIOLATION (0xc0000005) at pc=0x00007ffa1bf5e669]
GC Heap History (0 events):
No events

Dll operation events (1 events):
Event: 0.005 Loaded shared library C:\Program Files\Java\jdk-21\bin\java.dll

Deoptimization events (0 events):
No events

Classes loaded (0 events):
No events

Classes unloaded (0 events):
No events

Classes redefined (0 events):
No events

Internal exceptions (0 events):
No events

ZGC Phase Switch (0 events):
No events

VM Operations (0 events):
No events

Events (0 events):
No events


Dynamic libraries:
0x00007ff748350000 - 0x00007ff748360000 	C:\Program Files\Java\jdk-21\bin\java.exe
0x00007ffaae470000 - 0x00007ffaae668000 	C:\Windows\SYSTEM32\ntdll.dll
0x00007ffaac710000 - 0x00007ffaac7d1000 	C:\Windows\System32\KERNEL32.DLL
0x00007ffaabd80000 - 0x00007ffaac07d000 	C:\Windows\System32\KERNELBASE.dll
0x00007ffaabbf0000 - 0x00007ffaabcf0000 	C:\Windows\System32\ucrtbase.dll
0x00007ffa8d1e0000 - 0x00007ffa8d1f9000 	C:\Program Files\Java\jdk-21\bin\jli.dll
0x00007ffa8c310000 - 0x00007ffa8c32b000 	C:\Program Files\Java\jdk-21\bin\VCRUNTIME140.dll
0x00007ffaae360000 - 0x00007ffaae410000 	C:\Windows\System32\ADVAPI32.dll
0x00007ffaadb60000 - 0x00007ffaadbfe000 	C:\Windows\System32\msvcrt.dll
0x00007ffaaca30000 - 0x00007ffaacad0000 	C:\Windows\System32\sechost.dll
0x00007ffaac4a0000 - 0x00007ffaac5c3000 	C:\Windows\System32\RPCRT4.dll
0x00007ffaabbc0000 - 0x00007ffaabbe7000 	C:\Windows\System32\bcrypt.dll
0x00007ffaae150000 - 0x00007ffaae2ed000 	C:\Windows\System32\USER32.dll
0x00007ffaac2e0000 - 0x00007ffaac302000 	C:\Windows\System32\win32u.dll
0x00007ffa9a5f0000 - 0x00007ffa9a88a000 	C:\Windows\WinSxS\amd64_microsoft.windows.common-controls_6595b64144ccf1df_6.0.19041.4355_none_60b8b9eb71f62e16\COMCTL32.dll
0x00007ffaadab0000 - 0x00007ffaadadb000 	C:\Windows\System32\GDI32.dll
0x00007ffaac310000 - 0x00007ffaac427000 	C:\Windows\System32\gdi32full.dll
0x00007ffaabb20000 - 0x00007ffaabbbd000 	C:\Windows\System32\msvcp_win.dll
0x00007ffaa62f0000 - 0x00007ffaa62fa000 	C:\Windows\SYSTEM32\VERSION.dll
0x00007ffaad950000 - 0x00007ffaad97f000 	C:\Windows\System32\IMM32.DLL
0x00007ffa8d380000 - 0x00007ffa8d38c000 	C:\Program Files\Java\jdk-21\bin\vcruntime140_1.dll
0x00007ffa867f0000 - 0x00007ffa8687e000 	C:\Program Files\Java\jdk-21\bin\msvcp140.dll
0x00007ffa1b840000 - 0x00007ffa1c54d000 	C:\Program Files\Java\jdk-21\bin\server\jvm.dll
0x00007ffaae2f0000 - 0x00007ffaae35b000 	C:\Windows\System32\WS2_32.dll
0x00007ffaab070000 - 0x00007ffaab0bb000 	C:\Windows\SYSTEM32\POWRPROF.dll
0x00007ffa9a450000 - 0x00007ffa9a477000 	C:\Windows\SYSTEM32\WINMM.dll
0x00007ffaaaee0000 - 0x00007ffaaaef2000 	C:\Windows\SYSTEM32\UMPDC.dll
0x00007ffaa9980000 - 0x00007ffaa9992000 	C:\Windows\SYSTEM32\kernel.appcore.dll
0x00007ffa8d2f0000 - 0x00007ffa8d2fa000 	C:\Program Files\Java\jdk-21\bin\jimage.dll
0x00007ffaa5ae0000 - 0x00007ffaa5cc4000 	C:\Windows\SYSTEM32\DBGHELP.DLL
0x00007ffaa5a40000 - 0x00007ffaa5a74000 	C:\Windows\SYSTEM32\dbgcore.DLL
0x00007ffaabcf0000 - 0x00007ffaabd72000 	C:\Windows\System32\bcryptPrimitives.dll
0x00007ffa8c2f0000 - 0x00007ffa8c30f000 	C:\Program Files\Java\jdk-21\bin\java.dll

dbghelp: loaded successfully - version: 4.0.5 - missing functions: none
symbol engine: initialized successfully - sym options: 0x614 - pdb path: .;C:\Program Files\Java\jdk-21\bin;C:\Windows\SYSTEM32;C:\Windows\WinSxS\amd64_microsoft.windows.common-controls_6595b64144ccf1df_6.0.19041.4355_none_60b8b9eb71f62e16;C:\Program Files\Java\jdk-21\bin\server

VM Arguments:
jvm_args: -XX:+ShowCodeDetailsInExceptionMessages 
java_command: com.patient.system.backend.BackendApplication
java_class_path (initial): C:\Users\andre\Desktop\AngSprApp\backend\build\resources\main;C:\Users\andre\Desktop\AngSprApp\backend\build\classes\java\main;C:\Users\andre\.gradle\caches\modules-2\files-2.1\org.springframework.data\spring-data-rest-webmvc\4.2.9\42b8f5459f35ccf51033cfd94397b2b547cff549\spring-data-rest-webmvc-4.2.9.jar;C:\Users\andre\.gradle\caches\modules-2\files-2.1\org.springframework.hateoas\spring-hateoas\2.2.4\8862b59321e9d1417d7cb1c61bf220a273852964\spring-hateoas-2.2.4.jar;C:\Users\andre\.gradle\caches\modules-2\files-2.1\com.fasterxml.jackson.module\jackson-module-parameter-names\2.15.4\e654497a08359db2521b69b5f710e00836915d8c\jackson-module-parameter-names-2.15.4.jar;C:\Users\andre\.gradle\caches\modules-2\files-2.1\org.springframework\spring-jcl\6.1.12\f46d6016fd1dd3801a0e6fcd64789ac468254944\spring-jcl-6.1.12.jar;C:\Users\andre\.gradle\caches\modules-2\files-2.1\io.micrometer\micrometer-commons\1.12.9\30e7b1d1ede847513cde5d6f9b29581841888479\micrometer-commons-1.12.9.jar;C:\Users\andre\.gradle\caches\modules-2\files-2.1\org.springframework.boot\spring-boot-starter\3.2.9\a882017d7dc5fe3a3e8370d5605924525e58a847\spring-boot-starter-3.2.9.jar;C:\Users\andre\.gradle\caches\modules-2\files-2.1\org.springframework.boot\spring-boot-starter-web\3.2.9\cd9b920bc80fbd09433f99055737c080219062e\spring-boot-starter-web-3.2.9.jar;C:\Users\andre\.gradle\caches\modules-2\files-2.1\com.fasterxml.jackson.datatype\jackson-datatype-jdk8\2.15.4\694777f182334a21bf1aeab1b04cc4398c801f3f\jackson-datatype-jdk8-2.15.4.jar;C:\Users\andre\.gradle\caches\modules-2\files-2.1\ch.qos.logback\logback-core\1.4.14\4d3c2248219ac0effeb380ed4c5280a80bf395e8\logback-core-1.4.14.jar;C:\Users\andre\.gradle\caches\modules-2\files-2.1\org.springframework.data\spring-data-rest-core\4.2.9\4a8efdf1cfaa92f79d3e9b186f4c28d01b888703\spring-data-rest-core-4.2.9.jar;C:\Users\andre\.gradle\caches\modules-2\files-2.1\org.springframework.boot\spring-boot-devtools\3.2.9\598ef642b9e1179aef61a1acb7cb1a59b4fc9dbf\spring-boot-devtools-3.2.9.jar;C:\Users\andre\.gradle\caches\modules-2\files-2.1\io.micrometer\micrometer-observation\1.12.9\26664307e93b98d02c6c6743759c540aa04f7c08\micrometer-observation-1.12.9.jar;C:\Users\andre\.gradle\caches\modules-2\files-2.1\org.springframework.boot\spring-boot-starter-tomcat\3.2.9\e67e5ac2a08e6e699f2e65fb274b5e00f5228dee\spring-boot-starter-tomcat-3.2.9.jar;C:\Users\andre\.gradle\caches\modules-2\files-2.1\org.springframework\spring-webmvc\6.1.12\86bb0c203d68adb4b2675765f5a372f4c5254b2d\spring-webmvc-6.1.12.jar;C:\Users\andre\.gradle\caches\modules-2\files-2.1\org.apache.tomcat.embed\tomcat-embed-el\10.1.28\3220f687c5ffc8650559f08ecac5b149838627b3\tomcat-embed-el-10.1.28.jar;C:\Users\andre\.gradle\caches\modules-2\files-2.1\org.springframework\spring-web\6.1.12\b60e69b3ec87f8e001537a0fa7e3e2732dfafa7e\spring-web-6.1.12.jar;C:\Users\andre\.gradle\caches\modules-2\files-2.1\org.springframework.data\spring-data-commons\3.2.9\be08a3f6d167ff6263c045f7623f62e7d89aff95\spring-data-commons-3.2.9.jar;C:\Users\andre\.gradle\caches\modules-2\files-2.1\org.json\json\20240303\ebb88e8fb5122b7506d5cf1d69f1ccdb790d22a\json-20240303.jar;C:\Users\andre\.gradle\caches\modules-2\files-2.1\com.fasterxml.jackson.core\jackson-annotations\2.15.4\5223ea5a9bf52cdc9c5e537a0e52f2432eaf208b\jackson-annotations-2.15.4.jar;C:\Users\andre\.gradle\caches\modules-2\files-2.1\org.apache.tomcat.embed\tomcat-embed-websocket\10.1.28\1a5ee88106795215e8a7b6cfea46e57cdfc96430\tomcat-embed-websocket-10.1.28.jar;C:\Users\andre\.gradle\caches\modules-2\files-2.1\org.apache.logging.log4j\log4j-api\2.21.1\74c65e87b9ce1694a01524e192d7be989ba70486\log4j-api-2.21.1.jar;C:\Users\andre\.gradle\caches\modules-2\files-2.1\net.minidev\accessors-smart\2.5.1\19b820261eb2e7de7d5bde11d1c06e4501dd7e5f\accessors-smart-2.5.1.jar;C:\Users\andre\.gradle\caches\modules-2\files-2.1\org.atteo\evo-inflector\1.3\4cf8b5f363c60e63f8b7688ac053590460f2768e\evo-inflector-1.3.jar;C:\Users\andre\.gradle\caches\modules-2\files-2.1\com.fasterxml.jackson.core\jackson-databind\2.15.4\560309fc381f77d4d15c4a4cdaa0db5025c4fd13\jackson-databind-2.15.4.jar;C:\Users\andre\.gradle\caches\modules-2\files-2.1\org.yaml\snakeyaml\2.2\3af797a25458550a16bf89acc8e4ab2b7f2bfce0\snakeyaml-2.2.jar;C:\Users\andre\.gradle\caches\modules-2\files-2.1\org.springframework\spring-context\6.1.12\e69d476d1334935529a61f403749c6b8593e3272\spring-context-6.1.12.jar;C:\Users\andre\.gradle\caches\modules-2\files-2.1\org.springframework\spring-aop\6.1.12\5fce5ff02455fad179fc0ea05435dfb79bbeaa66\spring-aop-6.1.12.jar;C:\Users\andre\.gradle\caches\modules-2\files-2.1\org.springframework.boot\spring-boot\3.2.9\f2bceab6ac2c8e120c87039b8492bd02caebea1e\spring-boot-3.2.9.jar;C:\Users\andre\.gradle\caches\modules-2\files-2.1\com.jayway.jsonpath\json-path\2.9.0\37fe2217f577b0b68b18e62c4d17a8858ecf9b69\json-path-2.9.0.jar;C:\Users\andre\.gradle\caches\modules-2\files-2.1\com.fasterxml.jackson.datatype\jackson-datatype-jsr310\2.15.4\7de629770a4559db57128d35ccae7d2fddd35db3\jackson-datatype-jsr310-2.15.4.jar;C:\Users\andre\.gradle\caches\modules-2\files-2.1\org.springframework\spring-tx\6.1.12\c47885e494845584e08407b611031ea2bcef0ef7\spring-tx-6.1.12.jar;C:\Users\andre\.gradle\caches\modules-2\files-2.1\org.springframework.boot\spring-boot-starter-json\3.2.9\5d53f15180f92da3458efadf5fa51c90c337c25d\spring-boot-starter-json-3.2.9.jar;C:\Users\andre\.gradle\caches\modules-2\files-2.1\org.springframework.boot\spring-boot-starter-data-rest\3.2.9\c92b422498c29304bdc9b950d21a20a24f82d1f9\spring-boot-starter-data-rest-3.2.9.jar;C:\Users\andre\.gradle\caches\modules-2\files-2.1\org.springframework\spring-core\6.1.12\5f4162fb645c4f72b57b21d721fce9f26edb9bb9\spring-core-6.1.12.jar;C:\Users\andre\.gradle\caches\modules-2\files-2.1\org.apache.logging.log4j\log4j-to-slf4j\2.21.1\d77b2ba81711ed596cd797cc2b5b5bd7409d841c\log4j-to-slf4j-2.21.1.jar;C:\Users\andre\.gradle\caches\modules-2\files-2.1\org.slf4j\jul-to-slf4j\2.0.16\6d57da3e961daac65bcca0dd3def6cd11e48a24a\jul-to-slf4j-2.0.16.jar;C:\Users\andre\.gradle\caches\modules-2\files-2.1\org.springframework.plugin\spring-plugin-core\3.0.0\d56aa02dd7272dca30aa598dc8b72e823227046a\spring-plugin-core-3.0.0.jar;C:\Users\andre\.gradle\caches\modules-2\files-2.1\org.springframework.boot\spring-boot-starter-logging\3.2.9\23d3537cf70f9d465c54a9f855d3288b2f3b373c\spring-boot-starter-logging-3.2.9.jar;C:\Users\andre\.gradle\caches\modules-2\files-2.1\org.springframework.boot\spring-boot-autoconfigure\3.2.9\f28f2a575f9319ae6abdc139067ebbeba166435b\spring-boot-autoconfigure-3.2.9.jar;C:\Users\andre\.gradle\caches\modules-2\files-2.1\org.apache.tomcat.embed\tomcat-embed-core\10.1.28\624f53789b7ba96bc3c8e871fb5eed4cab5a7c89\tomcat-embed-core-10.1.28.jar;C:\Users\andre\.gradle\caches\modules-2\files-2.1\org.springframework\spring-beans\6.1.12\f0344fa934f114a15f02c2b1a199189ec12b7eb5\spring-beans-6.1.12.jar;C:\Users\andre\.gradle\caches\modules-2\files-2.1\jakarta.annotation\jakarta.annotation-api\2.1.1\48b9bda22b091b1f48b13af03fe36db3be6e1ae3\jakarta.annotation-api-2.1.1.jar;C:\Users\andre\.gradle\caches\modules-2\files-2.1\net.minidev\json-smart\2.5.1\4c11d2808d009132dfbbf947ebf37de6bf266c8e\json-smart-2.5.1.jar;C:\Users\andre\.gradle\caches\modules-2\files-2.1\com.fasterxml.jackson.core\jackson-core\2.15.4\aebe84b45360debad94f692a4074c6aceb535fa0\jackson-core-2.15.4.jar;C:\Users\andre\.gradle\caches\modules-2\files-2.1\ch.qos.logback\logback-classic\1.4.14\d98bc162275134cdf1518774da4a2a17ef6fb94d\logback-classic-1.4.14.jar;C:\Users\andre\.gradle\caches\modules-2\files-2.1\org.slf4j\slf4j-api\2.0.16\172931663a09a1fa515567af5fbef00897d3c04\slf4j-api-2.0.16.jar;C:\Users\andre\.gradle\caches\modules-2\files-2.1\org.springframework\spring-expression\6.1.12\644bbc2e65eb40feb7284b8570d7a7eb8b1fe8df\spring-expression-6.1.12.jar;C:\Users\andre\.gradle\caches\modules-2\files-2.1\org.ow2.asm\asm\9.6\aa205cf0a06dbd8e04ece91c0b37c3f5d567546a\asm-9.6.jar
Launcher Type: SUN_STANDARD

[Global flags]
     intx CICompilerCount                          = 4                                         {product} {ergonomic}
     uint ConcGCThreads                            = 3                                         {product} {ergonomic}
     uint G1ConcRefinementThreads                  = 10                                        {product} {ergonomic}
   size_t G1HeapRegionSize                         = 2097152                                   {product} {ergonomic}
    uintx GCDrainStackTargetSize                   = 64                                        {product} {ergonomic}
   size_t InitialHeapSize                          = 268435456                                 {product} {ergonomic}
   size_t MarkStackSize                            = 4194304                                   {product} {ergonomic}
   size_t MaxHeapSize                              = 4282384384                                {product} {ergonomic}
   size_t MinHeapDeltaBytes                        = 2097152                                   {product} {ergonomic}
   size_t MinHeapSize                              = 8388608                                   {product} {ergonomic}
    uintx NonNMethodCodeHeapSize                   = 5839372                                {pd product} {ergonomic}
    uintx NonProfiledCodeHeapSize                  = 122909434                              {pd product} {ergonomic}
    uintx ProfiledCodeHeapSize                     = 122909434                              {pd product} {ergonomic}
    uintx ReservedCodeCacheSize                    = 251658240                              {pd product} {ergonomic}
     bool SegmentedCodeCache                       = true                                      {product} {ergonomic}
     bool ShowCodeDetailsInExceptionMessages       = true                                   {manageable} {command line}
   size_t SoftMaxHeapSize                          = 4282384384                             {manageable} {ergonomic}
     bool UseCompressedOops                        = true                           {product lp64_product} {ergonomic}
     bool UseG1GC                                  = true                                      {product} {ergonomic}
     bool UseLargePagesIndividualAllocation        = false                                  {pd product} {ergonomic}

Logging:
Log output configuration:
 #0: stdout all=warning uptime,level,tags foldmultilines=false
 #1: stderr all=off uptime,level,tags foldmultilines=false

Environment Variables:
JAVA_HOME=C:\Program Files\Eclipse Adoptium\jdk-11.0.19.7-hotspot\
PATH=C:\Python312\Scripts\;C:\Python312\;C:\Program Files\Common Files\Oracle\Java\javapath;C:\Program Files\Eclipse Adoptium\jdk-11.0.19.7-hotspot\bin;C:\Program Files\Eclipse Adoptium\jdk-8.0.362.9-hotspot\bin;C:\ProgramData\Oracle\Java\javapath;C:\Windows\system32;C:\Windows;C:\Windows\System32\Wbem;C:\Windows\System32\WindowsPowerShell\v1.0\;C:\Windows\System32\OpenSSH\;C:\Program Files\NVIDIA Corporation\NVIDIA NvDLISR;C:\Program Files\Git\cmd;C:\Program Files (x86)\NVIDIA Corporation\PhysX\Common;C:\Program Files\dotnet\;C:\Program Files\CMake\bin;D:\sonar-scanner-5.0.1.3006-windows\bin;C:\Program Files\Maven\apache-maven-3.9.6\bin;C:\msys64\ucrt64\bin;D:\build-wrapper-win-x86;C:\Program Files (x86)\Windows Kits\10\Windows Performance Toolkit\;C:\Program Files\Microsoft Visual Studio\2022\Community\MSBuild\Current\Bin;D:\Clone repositories\Repositories\VST_SDK\vst3sdk\bin\Windows_x64;;C:\Program Files\Git LFS;C:\Program Files\nodejs\;C:\ProgramData\chocolatey\bin;C:\Program Files\Docker\Docker\resources\bin;C:\Users\andre\AppData\Local\Microsoft\WindowsApps;C:\Users\andre\AppData\Local\Programs\Microsoft VS Code\bin;C:\Program Files\JetBrains\IntelliJ IDEA Community Edition 2023.1.2\bin;;D:\sonar-scanner-5.0.1.3006-windows\bin;C:\msys64\ucrt64\bin;D:\build-wrapper-win-x86;C:\Program Files\Microsoft Visual Studio\2022\Community\MSBuild\Current\Bin;D:\Clone repositories\Repositories\VST_SDK\vst3sdk\bin\Windows_x64;C:\Users\andre\AppData\Roaming\npm
USERNAME=andre
LANG=en_US.UTF-8
OS=Windows_NT
PROCESSOR_IDENTIFIER=AMD64 Family 23 Model 113 Stepping 0, AuthenticAMD
TMP=C:\Users\andre\AppData\Local\Temp
TEMP=C:\Users\andre\AppData\Local\Temp




Periodic native trim disabled

---------------  S Y S T E M  ---------------

OS:
 Windows 10 , 64 bit Build 19041 (10.0.19041.4842)
OS uptime: 2 days 8:45 hours
Hyper-V role detected

CPU: total 12 (initial active 12) (12 cores per cpu, 2 threads per core) family 23 model 113 stepping 0 microcode 0x0, cx8, cmov, fxsr, ht, mmx, 3dnowpref, sse, sse2, sse3, ssse3, sse4a, sse4.1, sse4.2, popcnt, lzcnt, tsc, tscinvbit, avx, avx2, aes, clmul, bmi1, bmi2, adx, sha, fma, vzeroupper, clflush, clflushopt, hv, rdtscp, rdpid, f16c
Processor Information for all 12 processors :
  Max Mhz: 3593, Current Mhz: 3593, Mhz Limit: 3593

Memory: 4k page, system-wide physical 16332M (1499M free)
TotalPageFile size 41962M (AvailPageFile size 63M)
current process WorkingSet (physical memory assigned to process): 11M, peak: 11M
current process commit charge ("private bytes"): 64M, peak: 320M

vm_info: Java HotSpot(TM) 64-Bit Server VM (21.0.3+7-LTS-152) for windows-amd64 JRE (21.0.3+7-LTS-152), built on 2024-03-11T17:42:26Z by "mach5one" with MS VC++ 17.6 (VS2022)

END.
